{
  "stats": {
    "suites": 13,
    "tests": 35,
    "passes": 32,
    "pending": 0,
    "failures": 3,
    "start": "2022-08-04T21:02:13.405Z",
    "end": "2022-08-04T21:07:25.782Z",
    "duration": 206886,
    "testsRegistered": 35,
    "passPercent": 91.42857142857143,
    "pendingPercent": 0,
    "other": 0,
    "hasOther": false,
    "skipped": 0,
    "hasSkipped": false
  },
  "results": [
    {
      "uuid": "398ddd2d-b482-4c50-9916-7e05c0843876",
      "title": "",
      "fullFile": "cypress/integration/Assesment/assesment.js",
      "file": "cypress/integration/Assesment/assesment.js",
      "beforeHooks": [],
      "afterHooks": [],
      "tests": [],
      "suites": [
        {
          "uuid": "50eceff4-8fb7-4f26-a389-67fa5ad4cc50",
          "title": "Verify Login Form",
          "fullFile": "",
          "file": "",
          "beforeHooks": [],
          "afterHooks": [],
          "tests": [
            {
              "title": "automate the login form and assert that you are logged in",
              "fullTitle": "Verify Login Form automate the login form and assert that you are logged in",
              "timedOut": null,
              "duration": 30359,
              "state": "failed",
              "speed": null,
              "pass": false,
              "fail": true,
              "pending": false,
              "context": null,
              "code": "cy.visit(\"https://dev.partner.rejareja.app/auth/login/\");\ncy.get('input#username').type('254701234561');\ncy.get('.form-width > :nth-child(2) > .form-control').type('1122');\ncy.get('//button[@type=\"submit\"]/span[.=\"Submit\"]').click(); // cy.wait(8000);\n//cy.get('button[_ngcontent-gdm-c77]').click()\n//cy.get('button[type=\"submit\"]').contains(\"Submit\").trigger('mouseover').click().click();\n//cy.url().should('include', '/dashboard')\n//Create a supplier and assert the new supplier creation\n// cy.get('div:nth-of-type(2) > p').invoke('removeAttr', 'target').click();\n// cy.get('.btn.btn-primary.ng-star-inserted').click;\n// cy.get('.btn.btn-primary.ng-star-inserted').type('john');\n// cy.get('.btn.btn-primary.ng-star-inserted').type('distributor');\n// cy.get('input#mat-chip-list-input-0').type('lagos');\n// cy.get('div:nth-of-type(2) > input[name=\"fakeFirstName\"]').type('mark');\n// cy.get('div:nth-of-type(3) > input[name=\"fakeFirstName\"]').type('Doe');\n// cy.get('div:nth-of-type(3) > input[name=\"fakeFirstName\"]').type('mark@gmail.com');\n// cy.get('div:nth-of-type(3) > input[name=\"fakeFirstName\"]').type('08060763292');\n// cy.get('[class=\"w-100 ng-touched ng-dirty ng-valid\"] .btn-primary').click();\n// cy.title().should('include', 'new-supplier')",
              "err": {
                "message": "CypressError: Timed out after waiting `30000ms` for your remote page to load.\n\nYour page did not fire its `load` event within `30000ms`.\n\nYou can try increasing the `pageLoadTimeout` value in `cypress.json` to wait longer.\n\nBrowsers will not fire the `load` event until all stylesheets and scripts are done downloading.\n\nWhen this `load` event occurs, Cypress will continue running commands.",
                "estack": "CypressError: Timed out after waiting `30000ms` for your remote page to load.\n\nYour page did not fire its `load` event within `30000ms`.\n\nYou can try increasing the `pageLoadTimeout` value in `cypress.json` to wait longer.\n\nBrowsers will not fire the `load` event until all stylesheets and scripts are done downloading.\n\nWhen this `load` event occurs, Cypress will continue running commands.\n    at timedOutWaitingForPageLoad (https://dev.partner.rejareja.app/__cypress/runner/cypress_runner.js:162428:74)\n    at https://dev.partner.rejareja.app/__cypress/runner/cypress_runner.js:163647:16\n    at tryCatcher (https://dev.partner.rejareja.app/__cypress/runner/cypress_runner.js:13022:23)\n    at https://dev.partner.rejareja.app/__cypress/runner/cypress_runner.js:8144:41\n    at tryCatcher (https://dev.partner.rejareja.app/__cypress/runner/cypress_runner.js:13022:23)\n    at Promise._settlePromiseFromHandler (https://dev.partner.rejareja.app/__cypress/runner/cypress_runner.js:10957:31)\n    at Promise._settlePromise (https://dev.partner.rejareja.app/__cypress/runner/cypress_runner.js:11014:18)\n    at Promise._settlePromise0 (https://dev.partner.rejareja.app/__cypress/runner/cypress_runner.js:11059:10)\n    at Promise._settlePromises (https://dev.partner.rejareja.app/__cypress/runner/cypress_runner.js:11135:18)\n    at _drainQueueStep (https://dev.partner.rejareja.app/__cypress/runner/cypress_runner.js:7729:12)\n    at _drainQueue (https://dev.partner.rejareja.app/__cypress/runner/cypress_runner.js:7722:9)\n    at Async.../../node_modules/bluebird/js/release/async.js.Async._drainQueues (https://dev.partner.rejareja.app/__cypress/runner/cypress_runner.js:7738:5)\n    at Async.drainQueues (https://dev.partner.rejareja.app/__cypress/runner/cypress_runner.js:7608:14)\nFrom Your Spec Code:\n    at Context.eval (https://dev.partner.rejareja.app/__cypress/tests?p=cypress\\integration\\Assesment\\assesment.js:102:8)",
                "diff": null
              },
              "uuid": "eacf7b59-452a-4de9-a2a1-aac782159e6c",
              "parentUUID": "50eceff4-8fb7-4f26-a389-67fa5ad4cc50",
              "isHook": false,
              "skipped": false
            }
          ],
          "suites": [],
          "passes": [],
          "failures": [
            "eacf7b59-452a-4de9-a2a1-aac782159e6c"
          ],
          "pending": [],
          "skipped": [],
          "duration": 30359,
          "root": false,
          "rootEmpty": false,
          "_timeout": 2000
        }
      ],
      "passes": [],
      "failures": [],
      "pending": [],
      "skipped": [],
      "duration": 0,
      "root": true,
      "rootEmpty": true,
      "_timeout": 2000
    },
    {
      "uuid": "ff6cade0-da0c-424a-901c-65d9438d5b81",
      "title": "",
      "fullFile": "cypress/integration/automation-test-store/alias-invoke.js",
      "file": "cypress/integration/automation-test-store/alias-invoke.js",
      "beforeHooks": [],
      "afterHooks": [],
      "tests": [],
      "suites": [
        {
          "uuid": "75dc3f8f-3f8a-403f-83ea-e283d4b3c71d",
          "title": "Alias and invoke",
          "fullFile": "",
          "file": "",
          "beforeHooks": [],
          "afterHooks": [],
          "tests": [
            {
              "title": "Validate a specific hair care product",
              "fullTitle": "Alias and invoke Validate a specific hair care product",
              "timedOut": null,
              "duration": 9127,
              "state": "passed",
              "speed": "medium",
              "pass": true,
              "fail": false,
              "pending": false,
              "context": null,
              "code": "cy.visit('https://automationteststore.com');\ncy.get(\"a[href*='product/category&path=']\").contains(\"Hair Care\").click();\ncy.get(\".fixed_wrapper .prdocutname\").eq(0).invoke('text').as('productThumbnail');\ncy.get('@productThumbnail').its('length').should('be.gt', 5);\ncy.get('@productThumbnail').should('include', 'Seaweed Conditioner');",
              "err": {},
              "uuid": "c7aa8fcd-ebc9-440a-a877-c3c2e43eedfe",
              "parentUUID": "75dc3f8f-3f8a-403f-83ea-e283d4b3c71d",
              "isHook": false,
              "skipped": false
            }
          ],
          "suites": [],
          "passes": [
            "c7aa8fcd-ebc9-440a-a877-c3c2e43eedfe"
          ],
          "failures": [],
          "pending": [],
          "skipped": [],
          "duration": 9127,
          "root": false,
          "rootEmpty": false,
          "_timeout": 2000
        }
      ],
      "passes": [],
      "failures": [],
      "pending": [],
      "skipped": [],
      "duration": 0,
      "root": true,
      "rootEmpty": true,
      "_timeout": 2000
    },
    {
      "uuid": "9c105cd1-68d2-4efa-a92c-7b072fd90a6f",
      "title": "",
      "fullFile": "cypress/integration/automation-test-store/contact-us.js",
      "file": "cypress/integration/automation-test-store/contact-us.js",
      "beforeHooks": [],
      "afterHooks": [],
      "tests": [],
      "suites": [
        {
          "uuid": "c1781392-e751-48f5-973c-cd31f859c68a",
          "title": "Test Contact Us Form via Automation Test Store",
          "fullFile": "",
          "file": "",
          "beforeHooks": [],
          "afterHooks": [],
          "tests": [
            {
              "title": "Should be able to submit a successful submission via contact us form",
              "fullTitle": "Test Contact Us Form via Automation Test Store Should be able to submit a successful submission via contact us form",
              "timedOut": null,
              "duration": 26756,
              "state": "failed",
              "speed": null,
              "pass": false,
              "fail": true,
              "pending": false,
              "context": null,
              "code": "cy.visit(\"https://www.automationteststore.com/\");\ncy.get(\"a[href$='contact']\").click().then(function (linkText) {\n  cy.log(\"clicked on link using text:\" + linkText.text());\n});\ncy.get(\"@user\").then(user => {\n  cy.get('#ContactUsFrm_first_name').type(user.first_name);\n  cy.get('#ContactUsFrm_email').type(user.email);\n});\ncy.get('#ContactUsFrm_email').should('have.attr', 'name', 'email');\ncy.get('#ContactUsFrm_enquiry').type(\"live your life the way it should be lived pleasing to God\");\ncy.get('.col-md-6 > .btn').click(); //cy.get('.mb40 > :nth-child(3)').should('have.text', 'Your enquiry has been successfully sent to the store owner!')",
              "err": {
                "message": "CypressError: `cy.type()` can only accept a string or number. You passed in: `undefined`\n\nhttps://on.cypress.io/type",
                "estack": "CypressError: `cy.type()` can only accept a string or number. You passed in: `undefined`\n\nhttps://on.cypress.io/type\n    at Context.type (https://www.automationteststore.com/__cypress/runner/cypress_runner.js:158845:76)\n    at Context.<anonymous> (https://www.automationteststore.com/__cypress/runner/cypress_runner.js:178437:19)\nFrom Your Spec Code:\n    at Context.eval (https://www.automationteststore.com/__cypress/tests?p=cypress\\integration\\automation-test-store\\contact-us.js:111:37)",
                "diff": null
              },
              "uuid": "05f5c68c-4935-45d7-b51b-1508acf0e740",
              "parentUUID": "c1781392-e751-48f5-973c-cd31f859c68a",
              "isHook": false,
              "skipped": false
            }
          ],
          "suites": [],
          "passes": [],
          "failures": [
            "05f5c68c-4935-45d7-b51b-1508acf0e740"
          ],
          "pending": [],
          "skipped": [],
          "duration": 26756,
          "root": false,
          "rootEmpty": false,
          "_timeout": 2000
        }
      ],
      "passes": [],
      "failures": [],
      "pending": [],
      "skipped": [],
      "duration": 0,
      "root": true,
      "rootEmpty": true,
      "_timeout": 2000
    },
    {
      "uuid": "ff9bb25b-ceee-4670-b4e8-2f44aabd187c",
      "title": "",
      "fullFile": "cypress/integration/automation-test-store/iterate-over-elements.js",
      "file": "cypress/integration/automation-test-store/iterate-over-elements.js",
      "beforeHooks": [],
      "afterHooks": [],
      "tests": [],
      "suites": [
        {
          "uuid": "cb0c5cd7-e861-46c8-92c4-5b29557aea68",
          "title": "iterate over elements",
          "fullFile": "",
          "file": "",
          "beforeHooks": [],
          "afterHooks": [],
          "tests": [
            {
              "title": "Log information of all hair care products",
              "fullTitle": "iterate over elements Log information of all hair care products",
              "timedOut": null,
              "duration": 11914,
              "state": "passed",
              "speed": "slow",
              "pass": true,
              "fail": false,
              "pending": false,
              "context": null,
              "code": "cy.visit('https://automationteststore.com');\ncy.get(\"a[href*='product/category&path=']\").contains(\"Hair Care\").click();\ncy.get(\".fixed_wrapper .prdocutname\").each(($el, index, $list) => {\n  if ($el.text().includes('Curls to straight Shampoo')) {\n    cy.wrap($el).click();\n  }\n});",
              "err": {},
              "uuid": "d4f9d94e-f777-4729-9f97-3b931a0a560d",
              "parentUUID": "cb0c5cd7-e861-46c8-92c4-5b29557aea68",
              "isHook": false,
              "skipped": false
            }
          ],
          "suites": [],
          "passes": [
            "d4f9d94e-f777-4729-9f97-3b931a0a560d"
          ],
          "failures": [],
          "pending": [],
          "skipped": [],
          "duration": 11914,
          "root": false,
          "rootEmpty": false,
          "_timeout": 2000
        }
      ],
      "passes": [],
      "failures": [],
      "pending": [],
      "skipped": [],
      "duration": 0,
      "root": true,
      "rootEmpty": true,
      "_timeout": 2000
    },
    {
      "uuid": "719477f0-49a3-4c88-a671-556d4f9bdd22",
      "title": "",
      "fullFile": "cypress/integration/automation-test-store/selfcare.js",
      "file": "cypress/integration/automation-test-store/selfcare.js",
      "beforeHooks": [],
      "afterHooks": [],
      "tests": [],
      "suites": [
        {
          "uuid": "a89cb416-7c3a-4894-96a9-f9aa7b72f3f6",
          "title": "Test login page with valid data",
          "fullFile": "",
          "file": "",
          "beforeHooks": [],
          "afterHooks": [],
          "tests": [
            {
              "title": "Should be able to log user in",
              "fullTitle": "Test login page with valid data Should be able to log user in",
              "timedOut": null,
              "duration": 3634,
              "state": "passed",
              "speed": "fast",
              "pass": true,
              "fail": false,
              "pending": false,
              "context": null,
              "code": "cy.visit(\"https://selfcare.spectranet.com.ng/login\");\ncy.get('#userid').type('16113650');\ncy.get('#password').type('123456');\ncy.get('.MuiButton-containedPrimary').click();\ncy.get('#notistack-snackbar').should('have.text', 'bool is not defined');",
              "err": {},
              "uuid": "e5901ffe-b1b5-42bf-a3af-4105f0b6c21d",
              "parentUUID": "a89cb416-7c3a-4894-96a9-f9aa7b72f3f6",
              "isHook": false,
              "skipped": false
            }
          ],
          "suites": [],
          "passes": [
            "e5901ffe-b1b5-42bf-a3af-4105f0b6c21d"
          ],
          "failures": [],
          "pending": [],
          "skipped": [],
          "duration": 3634,
          "root": false,
          "rootEmpty": false,
          "_timeout": 2000
        }
      ],
      "passes": [],
      "failures": [],
      "pending": [],
      "skipped": [],
      "duration": 0,
      "root": true,
      "rootEmpty": true,
      "_timeout": 2000
    },
    {
      "uuid": "2079fe8a-413b-49f7-bfc5-f57999035fab",
      "title": "",
      "fullFile": "cypress/integration/automation-test-store/unbugqa.js",
      "file": "cypress/integration/automation-test-store/unbugqa.js",
      "beforeHooks": [],
      "afterHooks": [],
      "tests": [],
      "suites": [
        {
          "uuid": "6c904010-ea64-411d-b61b-9b35e4da8db3",
          "title": "Test login page with valid data",
          "fullFile": "",
          "file": "",
          "beforeHooks": [],
          "afterHooks": [],
          "tests": [
            {
              "title": "Verify user can access google",
              "fullTitle": "Test login page with valid data Verify user can access google",
              "timedOut": null,
              "duration": 18017,
              "state": "passed",
              "speed": "slow",
              "pass": true,
              "fail": false,
              "pending": false,
              "context": null,
              "code": "cy.visit('https://google.com');\ncy.get('.gLFyf').type(\"Oshikomaiya Oluwaseun\");\ncy.get('.FPdoLc > center > .gNO89b').click();",
              "err": {},
              "uuid": "f122e480-f63c-4f98-a989-e97892931a65",
              "parentUUID": "6c904010-ea64-411d-b61b-9b35e4da8db3",
              "isHook": false,
              "skipped": false
            }
          ],
          "suites": [],
          "passes": [
            "f122e480-f63c-4f98-a989-e97892931a65"
          ],
          "failures": [],
          "pending": [],
          "skipped": [],
          "duration": 18017,
          "root": false,
          "rootEmpty": false,
          "_timeout": 2000
        }
      ],
      "passes": [],
      "failures": [],
      "pending": [],
      "skipped": [],
      "duration": 0,
      "root": true,
      "rootEmpty": true,
      "_timeout": 2000
    },
    {
      "uuid": "dba15cd3-ba9a-415e-8c91-2b020cb2096c",
      "title": "",
      "fullFile": "cypress/integration/webdriver-uni/browser-navigation.js",
      "file": "cypress/integration/webdriver-uni/browser-navigation.js",
      "beforeHooks": [],
      "afterHooks": [],
      "tests": [],
      "suites": [
        {
          "uuid": "413d060a-f412-4bb8-9fae-1a3e83a49b4d",
          "title": "Test Contact Us Form via WebdriverUni",
          "fullFile": "",
          "file": "",
          "beforeHooks": [],
          "afterHooks": [],
          "tests": [
            {
              "title": "Should be able to submit a successful submission via contact us form",
              "fullTitle": "Test Contact Us Form via WebdriverUni Should be able to submit a successful submission via contact us form",
              "timedOut": null,
              "duration": 15846,
              "state": "passed",
              "speed": "slow",
              "pass": true,
              "fail": false,
              "pending": false,
              "context": null,
              "code": "//cy.visit(\"http://www.webdriveruniversity.com/Contact-Us/contactus.html\")\ncy.visit(\"http://www.webdriveruniversity.com\");\ncy.get('#contact-us').invoke('removeAttr', 'target').click({\n  force: true\n});\ncy.url().should('include', 'contactus');\ncy.go('back');\ncy.reload();\ncy.url().should('include', 'http://www.webdriveruniversity.com/');\ncy.go('forward');\ncy.url().should('include', 'contactus');\ncy.go('back');\ncy.get('#login-portal').invoke('removeAttr', 'target').click({\n  force: true\n});\ncy.url().should('include', 'Login-Portal');\ncy.go('back');\ncy.get('#to-do-list').invoke('removeAttr', 'target').click({\n  force: true\n});\ncy.url().should('include', 'To-Do-List');\ncy.go('back');",
              "err": {},
              "uuid": "23b5c5e7-96ea-4a8b-a157-f6608abfcaf8",
              "parentUUID": "413d060a-f412-4bb8-9fae-1a3e83a49b4d",
              "isHook": false,
              "skipped": false
            }
          ],
          "suites": [],
          "passes": [
            "23b5c5e7-96ea-4a8b-a157-f6608abfcaf8"
          ],
          "failures": [],
          "pending": [],
          "skipped": [],
          "duration": 15846,
          "root": false,
          "rootEmpty": false,
          "_timeout": 2000
        }
      ],
      "passes": [],
      "failures": [],
      "pending": [],
      "skipped": [],
      "duration": 0,
      "root": true,
      "rootEmpty": true,
      "_timeout": 2000
    },
    {
      "uuid": "3f203e3f-13d7-49e3-a3ff-5ffc78a7febe",
      "title": "",
      "fullFile": "cypress/integration/webdriver-uni/checkboxes.js",
      "file": "cypress/integration/webdriver-uni/checkboxes.js",
      "beforeHooks": [],
      "afterHooks": [],
      "tests": [],
      "suites": [
        {
          "uuid": "47f127c2-47fb-44dd-8b23-b5a9da3eef33",
          "title": "Verify checkboxes via webdriveruni",
          "fullFile": "",
          "file": "",
          "beforeHooks": [],
          "afterHooks": [],
          "tests": [
            {
              "title": "Confirm and validate checkbox",
              "fullTitle": "Verify checkboxes via webdriveruni Confirm and validate checkbox",
              "timedOut": null,
              "duration": 4986,
              "state": "passed",
              "speed": "fast",
              "pass": true,
              "fail": false,
              "pending": false,
              "context": null,
              "code": "cy.get(':nth-child(5) > input').uncheck().should('not.be.checked');\ncy.get('#checkboxes > :nth-child(1) > input').check().should('be.checked');\ncy.get('#radio-buttons').find(\"[type='radio']\");",
              "err": {},
              "uuid": "b45c2d2d-2e6f-4209-a8eb-0857e470ef32",
              "parentUUID": "47f127c2-47fb-44dd-8b23-b5a9da3eef33",
              "isHook": false,
              "skipped": false
            }
          ],
          "suites": [],
          "passes": [
            "b45c2d2d-2e6f-4209-a8eb-0857e470ef32"
          ],
          "failures": [],
          "pending": [],
          "skipped": [],
          "duration": 4986,
          "root": false,
          "rootEmpty": false,
          "_timeout": 2000
        }
      ],
      "passes": [],
      "failures": [],
      "pending": [],
      "skipped": [],
      "duration": 0,
      "root": true,
      "rootEmpty": true,
      "_timeout": 2000
    },
    {
      "uuid": "2e1b7848-81ee-49aa-9dc1-5c57565de18e",
      "title": "",
      "fullFile": "cypress/integration/webdriver-uni/contact-us.js",
      "file": "cypress/integration/webdriver-uni/contact-us.js",
      "beforeHooks": [],
      "afterHooks": [],
      "tests": [],
      "suites": [
        {
          "uuid": "7bf26f33-7816-4a3b-8e60-8c6bcd7fe464",
          "title": "Test Contact Us Form via WebdriverUni",
          "fullFile": "",
          "file": "",
          "beforeHooks": [],
          "afterHooks": [],
          "tests": [
            {
              "title": "Should be able to submit a successful submission via contact us form",
              "fullTitle": "Test Contact Us Form via WebdriverUni Should be able to submit a successful submission via contact us form",
              "timedOut": null,
              "duration": 16331,
              "state": "passed",
              "speed": "slow",
              "pass": true,
              "fail": false,
              "pending": false,
              "context": null,
              "code": "cy.document().should('have.property', 'charset').and('eq', 'UTF-8');\ncy.title().should('include', 'WebDriver | Contact Us');\ncontact_Us_PO.contactForm_Submission(Cypress.env(\" first_name\"), data.last_name, data.email, \"How can i learn Cypress?\", \"h1\", \"Thank You for your Message\");",
              "err": {},
              "uuid": "55eb4d48-e6f3-4a3a-808e-26417ba3d1fd",
              "parentUUID": "7bf26f33-7816-4a3b-8e60-8c6bcd7fe464",
              "isHook": false,
              "skipped": false
            },
            {
              "title": "Should not be able to submit a successful submission via contact us form as all fields are required",
              "fullTitle": "Test Contact Us Form via WebdriverUni Should not be able to submit a successful submission via contact us form as all fields are required",
              "timedOut": null,
              "duration": 29585,
              "state": "failed",
              "speed": null,
              "pass": false,
              "fail": true,
              "pending": false,
              "context": null,
              "code": "contact_Us_PO.contactForm_Submission(data.first_name, data.last_name, \" \", \"How can i learn Cypress?\", \"body\", \"Error: invalid email address\");",
              "err": {
                "message": "AssertionError: Timed out retrying after 20000ms: Expected to find content: 'Error: invalid email address' within the element: <body> but never did.",
                "estack": "AssertionError: Timed out retrying after 20000ms: Expected to find content: 'Error: invalid email address' within the element: <body> but never did.\n    at Contact_Us_PO.contactForm_Submission (http://www.webdriveruniversity.com/__cypress/tests?p=cypress\\integration\\webdriver-uni\\contact-us.js:173:23)\n    at Context.eval (http://www.webdriveruniversity.com/__cypress/tests?p=cypress\\integration\\webdriver-uni\\contact-us.js:145:19)",
                "diff": null
              },
              "uuid": "b952d619-cca4-491e-8f5b-96949b95fd5b",
              "parentUUID": "7bf26f33-7816-4a3b-8e60-8c6bcd7fe464",
              "isHook": false,
              "skipped": false
            }
          ],
          "suites": [],
          "passes": [
            "55eb4d48-e6f3-4a3a-808e-26417ba3d1fd"
          ],
          "failures": [
            "b952d619-cca4-491e-8f5b-96949b95fd5b"
          ],
          "pending": [],
          "skipped": [],
          "duration": 45916,
          "root": false,
          "rootEmpty": false,
          "_timeout": 2000
        }
      ],
      "passes": [],
      "failures": [],
      "pending": [],
      "skipped": [],
      "duration": 0,
      "root": true,
      "rootEmpty": true,
      "_timeout": 2000
    },
    {
      "uuid": "f587b622-5319-457e-ada6-e43462f5a479",
      "title": "",
      "fullFile": "cypress/integration/webdriver-uni/file-upload.js",
      "file": "cypress/integration/webdriver-uni/file-upload.js",
      "beforeHooks": [],
      "afterHooks": [],
      "tests": [],
      "suites": [
        {
          "uuid": "ef8593f8-3f99-4f26-8ca7-294cbcccf939",
          "title": "Test file upload via webdriver uni",
          "fullFile": "",
          "file": "",
          "beforeHooks": [],
          "afterHooks": [],
          "tests": [
            {
              "title": "Upload a file...",
              "fullTitle": "Test file upload via webdriver uni Upload a file...",
              "timedOut": null,
              "duration": 5108,
              "state": "passed",
              "speed": "medium",
              "pass": true,
              "fail": false,
              "pending": false,
              "context": null,
              "code": "cy.visit(\"http://www.webdriveruniversity.com\");\ncy.get('#file-upload').invoke(\"removeAttr\", \"target\").click();\ncy.fixture(\"mac-laptop-png-13.png\", \"base64\").then(fileContent => {\n  cy.get(\"#myFile\").attachFile({\n    fileContent,\n    fileName: \"mac-laptop-png-13.png\",\n    mimeType: \"image/png\"\n  }, {\n    uploadeType: \"input\"\n  });\n});\ncy.get(\"#submit-button\").click();",
              "err": {},
              "uuid": "1934133f-a7fb-4d96-b638-62cc413a1898",
              "parentUUID": "ef8593f8-3f99-4f26-8ca7-294cbcccf939",
              "isHook": false,
              "skipped": false
            },
            {
              "title": "Upload no file...",
              "fullTitle": "Test file upload via webdriver uni Upload no file...",
              "timedOut": null,
              "duration": 1727,
              "state": "passed",
              "speed": "fast",
              "pass": true,
              "fail": false,
              "pending": false,
              "context": null,
              "code": "cy.visit(\"http://www.webdriveruniversity.com\");\ncy.get('#file-upload').invoke(\"removeAttr\", \"target\").click();\ncy.get(\"#submit-button\").click();",
              "err": {},
              "uuid": "9fe32c78-00f6-4560-bedc-f4159853e0df",
              "parentUUID": "ef8593f8-3f99-4f26-8ca7-294cbcccf939",
              "isHook": false,
              "skipped": false
            }
          ],
          "suites": [],
          "passes": [
            "1934133f-a7fb-4d96-b638-62cc413a1898",
            "9fe32c78-00f6-4560-bedc-f4159853e0df"
          ],
          "failures": [],
          "pending": [],
          "skipped": [],
          "duration": 6835,
          "root": false,
          "rootEmpty": false,
          "_timeout": 2000
        }
      ],
      "passes": [],
      "failures": [],
      "pending": [],
      "skipped": [],
      "duration": 0,
      "root": true,
      "rootEmpty": true,
      "_timeout": 2000
    },
    {
      "uuid": "b9129940-61da-451f-98ed-c677279afe65",
      "title": "",
      "fullFile": "cypress/integration/webdriver-uni/js-alerts.js",
      "file": "cypress/integration/webdriver-uni/js-alerts.js",
      "beforeHooks": [],
      "afterHooks": [],
      "tests": [],
      "suites": [
        {
          "uuid": "c7712e2f-8bee-43e6-9c2a-1b548df3ba34",
          "title": "Handle js alerts",
          "fullFile": "",
          "file": "",
          "beforeHooks": [],
          "afterHooks": [],
          "tests": [
            {
              "title": "Validate js confirm alert box works correctly when clicking ok",
              "fullTitle": "Handle js alerts Validate js confirm alert box works correctly when clicking ok",
              "timedOut": null,
              "duration": 2787,
              "state": "passed",
              "speed": "fast",
              "pass": true,
              "fail": false,
              "pending": false,
              "context": null,
              "code": "//cy.visit(\"http://www.webdriveruniversity.com/Contact-Us/contactus.html\")\ncy.visit(\"http://www.webdriveruniversity.com\");\ncy.get('#popup-alerts').invoke('removeAttr', 'target').click({\n  force: true\n}); //cy.get('#button1').click();\ncy.get('#button4').click();\ncy.on('window:confirm', str => {\n  return false;\n});\ncy.get('#confirm-alert-text').contains('You pressed Cancel!');",
              "err": {},
              "uuid": "d8a8f22a-9cce-494f-bd56-38d10ae60da8",
              "parentUUID": "c7712e2f-8bee-43e6-9c2a-1b548df3ba34",
              "isHook": false,
              "skipped": false
            }
          ],
          "suites": [],
          "passes": [
            "d8a8f22a-9cce-494f-bd56-38d10ae60da8"
          ],
          "failures": [],
          "pending": [],
          "skipped": [],
          "duration": 2787,
          "root": false,
          "rootEmpty": false,
          "_timeout": 2000
        }
      ],
      "passes": [],
      "failures": [],
      "pending": [],
      "skipped": [],
      "duration": 0,
      "root": true,
      "rootEmpty": true,
      "_timeout": 2000
    },
    {
      "uuid": "032f749c-8cee-491e-8bfa-75f09433feb2",
      "title": "",
      "fullFile": "cypress/integration/webdriver-uni/traversing-elements.js",
      "file": "cypress/integration/webdriver-uni/traversing-elements.js",
      "beforeHooks": [],
      "afterHooks": [],
      "tests": [],
      "suites": [
        {
          "uuid": "75aecd74-f91c-481f-b408-ba14c27911fd",
          "title": "Traversing DOM elements in Cypress",
          "fullFile": "",
          "file": "",
          "beforeHooks": [],
          "afterHooks": [],
          "tests": [
            {
              "title": "children() to get the children of DOM elements",
              "fullTitle": "Traversing DOM elements in Cypress children() to get the children of DOM elements",
              "timedOut": null,
              "duration": 5692,
              "state": "passed",
              "speed": "medium",
              "pass": true,
              "fail": false,
              "pending": false,
              "context": null,
              "code": "",
              "err": {},
              "uuid": "b9763b5f-a2c3-4c71-ad43-8ba4d8e27f29",
              "parentUUID": "75aecd74-f91c-481f-b408-ba14c27911fd",
              "isHook": false,
              "skipped": false
            },
            {
              "title": "closest() to validate the closest ancestor DOM element",
              "fullTitle": "Traversing DOM elements in Cypress closest() to validate the closest ancestor DOM element",
              "timedOut": null,
              "duration": 1006,
              "state": "passed",
              "speed": "fast",
              "pass": true,
              "fail": false,
              "pending": false,
              "context": null,
              "code": "",
              "err": {},
              "uuid": "ec7e2097-b40f-4c50-b97c-7eccea8076c8",
              "parentUUID": "75aecd74-f91c-481f-b408-ba14c27911fd",
              "isHook": false,
              "skipped": false
            },
            {
              "title": "eq() to retrieve a specific element based on index",
              "fullTitle": "Traversing DOM elements in Cypress eq() to retrieve a specific element based on index",
              "timedOut": null,
              "duration": 1050,
              "state": "passed",
              "speed": "fast",
              "pass": true,
              "fail": false,
              "pending": false,
              "context": null,
              "code": "",
              "err": {},
              "uuid": "51db3663-f85e-4fc2-9d5b-ae8e448149e4",
              "parentUUID": "75aecd74-f91c-481f-b408-ba14c27911fd",
              "isHook": false,
              "skipped": false
            },
            {
              "title": "filter() to retrieve DOM elements that match a specific selector",
              "fullTitle": "Traversing DOM elements in Cypress filter() to retrieve DOM elements that match a specific selector",
              "timedOut": null,
              "duration": 928,
              "state": "passed",
              "speed": "fast",
              "pass": true,
              "fail": false,
              "pending": false,
              "context": null,
              "code": "",
              "err": {},
              "uuid": "0be3ecec-e500-44a7-b2a8-2052aac392de",
              "parentUUID": "75aecd74-f91c-481f-b408-ba14c27911fd",
              "isHook": false,
              "skipped": false
            },
            {
              "title": "find() to retrieve DOM elements of a given selector",
              "fullTitle": "Traversing DOM elements in Cypress find() to retrieve DOM elements of a given selector",
              "timedOut": null,
              "duration": 1263,
              "state": "passed",
              "speed": "fast",
              "pass": true,
              "fail": false,
              "pending": false,
              "context": null,
              "code": "",
              "err": {},
              "uuid": "8ba1b03e-f181-433a-9768-6f9a36707ff6",
              "parentUUID": "75aecd74-f91c-481f-b408-ba14c27911fd",
              "isHook": false,
              "skipped": false
            },
            {
              "title": "first() to retrieve the first DOM element within elements ",
              "fullTitle": "Traversing DOM elements in Cypress first() to retrieve the first DOM element within elements ",
              "timedOut": null,
              "duration": 938,
              "state": "passed",
              "speed": "fast",
              "pass": true,
              "fail": false,
              "pending": false,
              "context": null,
              "code": "",
              "err": {},
              "uuid": "c0044bcc-c876-4663-b20f-657ddd95496f",
              "parentUUID": "75aecd74-f91c-481f-b408-ba14c27911fd",
              "isHook": false,
              "skipped": false
            },
            {
              "title": "last() to retrieve the last DOM element within elements",
              "fullTitle": "Traversing DOM elements in Cypress last() to retrieve the last DOM element within elements",
              "timedOut": null,
              "duration": 1126,
              "state": "passed",
              "speed": "fast",
              "pass": true,
              "fail": false,
              "pending": false,
              "context": null,
              "code": "",
              "err": {},
              "uuid": "65bc32b5-c2c0-43ff-a852-60ec205dca2c",
              "parentUUID": "75aecd74-f91c-481f-b408-ba14c27911fd",
              "isHook": false,
              "skipped": false
            },
            {
              "title": "nextAll() to get all of the next sibling DOM elements within elements",
              "fullTitle": "Traversing DOM elements in Cypress nextAll() to get all of the next sibling DOM elements within elements",
              "timedOut": null,
              "duration": 952,
              "state": "passed",
              "speed": "fast",
              "pass": true,
              "fail": false,
              "pending": false,
              "context": null,
              "code": "",
              "err": {},
              "uuid": "7bb8829b-74bf-48ee-ae6e-8bb54c9f446a",
              "parentUUID": "75aecd74-f91c-481f-b408-ba14c27911fd",
              "isHook": false,
              "skipped": false
            },
            {
              "title": "nextUntil() to get all of the next sibling DOM elements within elements until another element",
              "fullTitle": "Traversing DOM elements in Cypress nextUntil() to get all of the next sibling DOM elements within elements until another element",
              "timedOut": null,
              "duration": 1425,
              "state": "passed",
              "speed": "fast",
              "pass": true,
              "fail": false,
              "pending": false,
              "context": null,
              "code": "",
              "err": {},
              "uuid": "fa0e49dc-bd2d-4dfa-a13b-9a58af3910f0",
              "parentUUID": "75aecd74-f91c-481f-b408-ba14c27911fd",
              "isHook": false,
              "skipped": false
            },
            {
              "title": "not() to remove DOM element(s) from the set of elements",
              "fullTitle": "Traversing DOM elements in Cypress not() to remove DOM element(s) from the set of elements",
              "timedOut": null,
              "duration": 1377,
              "state": "passed",
              "speed": "fast",
              "pass": true,
              "fail": false,
              "pending": false,
              "context": null,
              "code": "",
              "err": {},
              "uuid": "2c0df0d4-d120-44be-a328-d09af5f4fe0a",
              "parentUUID": "75aecd74-f91c-481f-b408-ba14c27911fd",
              "isHook": false,
              "skipped": false
            },
            {
              "title": "parent() To get parent DOM element of elements",
              "fullTitle": "Traversing DOM elements in Cypress parent() To get parent DOM element of elements",
              "timedOut": null,
              "duration": 1000,
              "state": "passed",
              "speed": "fast",
              "pass": true,
              "fail": false,
              "pending": false,
              "context": null,
              "code": "",
              "err": {},
              "uuid": "8b65522d-6515-47a0-a5e4-904e4b5e2704",
              "parentUUID": "75aecd74-f91c-481f-b408-ba14c27911fd",
              "isHook": false,
              "skipped": false
            },
            {
              "title": "parents() to get parents DOM element of elements",
              "fullTitle": "Traversing DOM elements in Cypress parents() to get parents DOM element of elements",
              "timedOut": null,
              "duration": 1203,
              "state": "passed",
              "speed": "fast",
              "pass": true,
              "fail": false,
              "pending": false,
              "context": null,
              "code": "",
              "err": {},
              "uuid": "713ef278-5d35-4ab0-974e-fc6eee21979b",
              "parentUUID": "75aecd74-f91c-481f-b408-ba14c27911fd",
              "isHook": false,
              "skipped": false
            },
            {
              "title": "prev() to get the previous sibling DOM element within elements",
              "fullTitle": "Traversing DOM elements in Cypress prev() to get the previous sibling DOM element within elements",
              "timedOut": null,
              "duration": 1030,
              "state": "passed",
              "speed": "fast",
              "pass": true,
              "fail": false,
              "pending": false,
              "context": null,
              "code": "",
              "err": {},
              "uuid": "cbac69c3-b239-4d56-9272-13839ddf6052",
              "parentUUID": "75aecd74-f91c-481f-b408-ba14c27911fd",
              "isHook": false,
              "skipped": false
            },
            {
              "title": "prevAll() to get all previous sibling DOM elements within elements",
              "fullTitle": "Traversing DOM elements in Cypress prevAll() to get all previous sibling DOM elements within elements",
              "timedOut": null,
              "duration": 1045,
              "state": "passed",
              "speed": "fast",
              "pass": true,
              "fail": false,
              "pending": false,
              "context": null,
              "code": "",
              "err": {},
              "uuid": "c373aae8-becb-47e3-8534-611294c4cce5",
              "parentUUID": "75aecd74-f91c-481f-b408-ba14c27911fd",
              "isHook": false,
              "skipped": false
            },
            {
              "title": "prevUntil() to get all previous sibling DOM elements within elements until other element",
              "fullTitle": "Traversing DOM elements in Cypress prevUntil() to get all previous sibling DOM elements within elements until other element",
              "timedOut": null,
              "duration": 1250,
              "state": "passed",
              "speed": "fast",
              "pass": true,
              "fail": false,
              "pending": false,
              "context": null,
              "code": "",
              "err": {},
              "uuid": "074a2293-aa78-42cf-ad48-2e284f58593d",
              "parentUUID": "75aecd74-f91c-481f-b408-ba14c27911fd",
              "isHook": false,
              "skipped": false
            },
            {
              "title": "siblings() To get all sibling DOM elements of elements",
              "fullTitle": "Traversing DOM elements in Cypress siblings() To get all sibling DOM elements of elements",
              "timedOut": null,
              "duration": 1110,
              "state": "passed",
              "speed": "fast",
              "pass": true,
              "fail": false,
              "pending": false,
              "context": null,
              "code": "",
              "err": {},
              "uuid": "b5c1ad63-e41a-4965-9490-ca0238161f4f",
              "parentUUID": "75aecd74-f91c-481f-b408-ba14c27911fd",
              "isHook": false,
              "skipped": false
            }
          ],
          "suites": [],
          "passes": [
            "b9763b5f-a2c3-4c71-ad43-8ba4d8e27f29",
            "ec7e2097-b40f-4c50-b97c-7eccea8076c8",
            "51db3663-f85e-4fc2-9d5b-ae8e448149e4",
            "0be3ecec-e500-44a7-b2a8-2052aac392de",
            "8ba1b03e-f181-433a-9768-6f9a36707ff6",
            "c0044bcc-c876-4663-b20f-657ddd95496f",
            "65bc32b5-c2c0-43ff-a852-60ec205dca2c",
            "7bb8829b-74bf-48ee-ae6e-8bb54c9f446a",
            "fa0e49dc-bd2d-4dfa-a13b-9a58af3910f0",
            "2c0df0d4-d120-44be-a328-d09af5f4fe0a",
            "8b65522d-6515-47a0-a5e4-904e4b5e2704",
            "713ef278-5d35-4ab0-974e-fc6eee21979b",
            "cbac69c3-b239-4d56-9272-13839ddf6052",
            "c373aae8-becb-47e3-8534-611294c4cce5",
            "074a2293-aa78-42cf-ad48-2e284f58593d",
            "b5c1ad63-e41a-4965-9490-ca0238161f4f"
          ],
          "failures": [],
          "pending": [],
          "skipped": [],
          "duration": 22395,
          "root": false,
          "rootEmpty": false,
          "_timeout": 2000
        }
      ],
      "passes": [],
      "failures": [],
      "pending": [],
      "skipped": [],
      "duration": 0,
      "root": true,
      "rootEmpty": true,
      "_timeout": 2000
    },
    {
      "uuid": "37f853f8-5670-4453-9f96-8fd80f567103",
      "title": "",
      "fullFile": "cypress/integration/1-getting-started/todo.spec.js",
      "file": "cypress/integration/1-getting-started/todo.spec.js",
      "beforeHooks": [],
      "afterHooks": [],
      "tests": [],
      "suites": [
        {
          "uuid": "d45fbef0-1eed-484b-aa18-00e622eca3bd",
          "title": "example to-do app",
          "fullFile": "",
          "file": "",
          "beforeHooks": [],
          "afterHooks": [],
          "tests": [
            {
              "title": "displays two todo items by default",
              "fullTitle": "example to-do app displays two todo items by default",
              "timedOut": null,
              "duration": 2379,
              "state": "passed",
              "speed": "fast",
              "pass": true,
              "fail": false,
              "pending": false,
              "context": null,
              "code": "// We use the `cy.get()` command to get all elements that match the selector.\n// Then, we use `should` to assert that there are two matched items,\n// which are the two default items.\ncy.get('.todo-list li').should('have.length', 2); // We can go even further and check that the default todos each contain\n// the correct text. We use the `first` and `last` functions\n// to get just the first and last matched elements individually,\n// and then perform an assertion with `should`.\ncy.get('.todo-list li').first().should('have.text', 'Pay electric bill');\ncy.get('.todo-list li').last().should('have.text', 'Walk the dog');",
              "err": {},
              "uuid": "915d285d-acc0-4a7d-be99-b915839f9f62",
              "parentUUID": "d45fbef0-1eed-484b-aa18-00e622eca3bd",
              "isHook": false,
              "skipped": false
            },
            {
              "title": "can add new todo items",
              "fullTitle": "example to-do app can add new todo items",
              "timedOut": null,
              "duration": 1268,
              "state": "passed",
              "speed": "fast",
              "pass": true,
              "fail": false,
              "pending": false,
              "context": null,
              "code": "// We'll store our item text in a variable so we can reuse it\nconst newItem = 'Feed the cat'; // Let's get the input element and use the `type` command to\n// input our new list item. After typing the content of our item,\n// we need to type the enter key as well in order to submit the input.\n// This input has a data-test attribute so we'll use that to select the\n// element in accordance with best practices:\n// https://on.cypress.io/selecting-elements\ncy.get('[data-test=new-todo]').type(`${newItem}{enter}`); // Now that we've typed our new item, let's check that it actually was added to the list.\n// Since it's the newest item, it should exist as the last element in the list.\n// In addition, with the two default items, we should have a total of 3 elements in the list.\n// Since assertions yield the element that was asserted on,\n// we can chain both of these assertions together into a single statement.\ncy.get('.todo-list li').should('have.length', 3).last().should('have.text', newItem);",
              "err": {},
              "uuid": "8235cd5b-6293-42dd-8ded-9da7b5637dc2",
              "parentUUID": "d45fbef0-1eed-484b-aa18-00e622eca3bd",
              "isHook": false,
              "skipped": false
            },
            {
              "title": "can check off an item as completed",
              "fullTitle": "example to-do app can check off an item as completed",
              "timedOut": null,
              "duration": 1230,
              "state": "passed",
              "speed": "fast",
              "pass": true,
              "fail": false,
              "pending": false,
              "context": null,
              "code": "// In addition to using the `get` command to get an element by selector,\n// we can also use the `contains` command to get an element by its contents.\n// However, this will yield the <label>, which is lowest-level element that contains the text.\n// In order to check the item, we'll find the <input> element for this <label>\n// by traversing up the dom to the parent element. From there, we can `find`\n// the child checkbox <input> element and use the `check` command to check it.\ncy.contains('Pay electric bill').parent().find('input[type=checkbox]').check(); // Now that we've checked the button, we can go ahead and make sure\n// that the list element is now marked as completed.\n// Again we'll use `contains` to find the <label> element and then use the `parents` command\n// to traverse multiple levels up the dom until we find the corresponding <li> element.\n// Once we get that element, we can assert that it has the completed class.\ncy.contains('Pay electric bill').parents('li').should('have.class', 'completed');",
              "err": {},
              "uuid": "a2c13f84-3211-4e42-876b-9521edcbe0d2",
              "parentUUID": "d45fbef0-1eed-484b-aa18-00e622eca3bd",
              "isHook": false,
              "skipped": false
            }
          ],
          "suites": [
            {
              "uuid": "daecb7ef-0e7b-42d3-bf5a-2c6d2b491317",
              "title": "with a checked task",
              "fullFile": "",
              "file": "",
              "beforeHooks": [],
              "afterHooks": [],
              "tests": [
                {
                  "title": "can filter for uncompleted tasks",
                  "fullTitle": "example to-do app with a checked task can filter for uncompleted tasks",
                  "timedOut": null,
                  "duration": 1212,
                  "state": "passed",
                  "speed": "fast",
                  "pass": true,
                  "fail": false,
                  "pending": false,
                  "context": null,
                  "code": "// We'll click on the \"active\" button in order to\n// display only incomplete items\ncy.contains('Active').click(); // After filtering, we can assert that there is only the one\n// incomplete item in the list.\ncy.get('.todo-list li').should('have.length', 1).first().should('have.text', 'Walk the dog'); // For good measure, let's also assert that the task we checked off\n// does not exist on the page.\ncy.contains('Pay electric bill').should('not.exist');",
                  "err": {},
                  "uuid": "4bc9762b-115e-4880-b4d5-6af95845698f",
                  "parentUUID": "daecb7ef-0e7b-42d3-bf5a-2c6d2b491317",
                  "isHook": false,
                  "skipped": false
                },
                {
                  "title": "can filter for completed tasks",
                  "fullTitle": "example to-do app with a checked task can filter for completed tasks",
                  "timedOut": null,
                  "duration": 1122,
                  "state": "passed",
                  "speed": "fast",
                  "pass": true,
                  "fail": false,
                  "pending": false,
                  "context": null,
                  "code": "// We can perform similar steps as the test above to ensure\n// that only completed tasks are shown\ncy.contains('Completed').click();\ncy.get('.todo-list li').should('have.length', 1).first().should('have.text', 'Pay electric bill');\ncy.contains('Walk the dog').should('not.exist');",
                  "err": {},
                  "uuid": "f5a5599a-a9ac-470e-b153-e6676f614c0b",
                  "parentUUID": "daecb7ef-0e7b-42d3-bf5a-2c6d2b491317",
                  "isHook": false,
                  "skipped": false
                },
                {
                  "title": "can delete all completed tasks",
                  "fullTitle": "example to-do app with a checked task can delete all completed tasks",
                  "timedOut": null,
                  "duration": 1103,
                  "state": "passed",
                  "speed": "fast",
                  "pass": true,
                  "fail": false,
                  "pending": false,
                  "context": null,
                  "code": "// First, let's click the \"Clear completed\" button\n// `contains` is actually serving two purposes here.\n// First, it's ensuring that the button exists within the dom.\n// This button only appears when at least one task is checked\n// so this command is implicitly verifying that it does exist.\n// Second, it selects the button so we can click it.\ncy.contains('Clear completed').click(); // Then we can make sure that there is only one element\n// in the list and our element does not exist\ncy.get('.todo-list li').should('have.length', 1).should('not.have.text', 'Pay electric bill'); // Finally, make sure that the clear button no longer exists.\ncy.contains('Clear completed').should('not.exist');",
                  "err": {},
                  "uuid": "983e0a44-85a5-4db8-b6ec-905851915c75",
                  "parentUUID": "daecb7ef-0e7b-42d3-bf5a-2c6d2b491317",
                  "isHook": false,
                  "skipped": false
                }
              ],
              "suites": [],
              "passes": [
                "4bc9762b-115e-4880-b4d5-6af95845698f",
                "f5a5599a-a9ac-470e-b153-e6676f614c0b",
                "983e0a44-85a5-4db8-b6ec-905851915c75"
              ],
              "failures": [],
              "pending": [],
              "skipped": [],
              "duration": 3437,
              "root": false,
              "rootEmpty": false,
              "_timeout": 2000
            }
          ],
          "passes": [
            "915d285d-acc0-4a7d-be99-b915839f9f62",
            "8235cd5b-6293-42dd-8ded-9da7b5637dc2",
            "a2c13f84-3211-4e42-876b-9521edcbe0d2"
          ],
          "failures": [],
          "pending": [],
          "skipped": [],
          "duration": 4877,
          "root": false,
          "rootEmpty": false,
          "_timeout": 2000
        }
      ],
      "passes": [],
      "failures": [],
      "pending": [],
      "skipped": [],
      "duration": 0,
      "root": true,
      "rootEmpty": true,
      "_timeout": 2000
    }
  ],
  "meta": {
    "mocha": {
      "version": "7.0.1"
    },
    "mochawesome": {
      "options": {
        "quiet": false,
        "reportFilename": "mochawesome",
        "saveHtml": false,
        "saveJson": true,
        "consoleReporter": "spec",
        "useInlineDiffs": false,
        "code": true
      },
      "version": "7.1.3"
    },
    "marge": {
      "options": {
        "id": "default",
        "reportDir": "cypress/results/mochawesome",
        "quite": true,
        "overwrite": false,
        "html": false,
        "json": true
      },
      "version": "6.2.0"
    }
  }
}