{
  "stats": {
    "suites": 1,
    "tests": 2,
    "passes": 2,
    "pending": 0,
    "failures": 0,
    "start": "2022-08-10T19:48:18.495Z",
    "end": "2022-08-10T19:48:22.490Z",
    "duration": 3995,
    "testsRegistered": 2,
    "passPercent": 100,
    "pendingPercent": 0,
    "other": 0,
    "hasOther": false,
    "skipped": 0,
    "hasSkipped": false
  },
  "results": [
    {
      "uuid": "f35b31ea-e4e9-41f4-8d0f-a1f43fa1e890",
      "title": "",
      "fullFile": "cypress/integration/webdriver-uni/file-upload.js",
      "file": "cypress/integration/webdriver-uni/file-upload.js",
      "beforeHooks": [],
      "afterHooks": [],
      "tests": [],
      "suites": [
        {
          "uuid": "531c1b9f-a97d-433a-b6dc-3ce9acdfe2ef",
          "title": "Test file upload via webdriver uni",
          "fullFile": "",
          "file": "",
          "beforeHooks": [],
          "afterHooks": [],
          "tests": [
            {
              "title": "Upload a file...",
              "fullTitle": "Test file upload via webdriver uni Upload a file...",
              "timedOut": null,
              "duration": 2956,
              "state": "passed",
              "speed": "fast",
              "pass": true,
              "fail": false,
              "pending": false,
              "context": null,
              "code": "cy.visit(\"http://www.webdriveruniversity.com\");\ncy.get('#file-upload').invoke(\"removeAttr\", \"target\").click();\ncy.fixture(\"mac-laptop-png-13.png\", \"base64\").then(fileContent => {\n  cy.get(\"#myFile\").attachFile({\n    fileContent,\n    fileName: \"mac-laptop-png-13.png\",\n    mimeType: \"image/png\"\n  }, {\n    uploadeType: \"input\"\n  });\n});\ncy.get(\"#submit-button\").click();",
              "err": {},
              "uuid": "5b7ad135-91c2-42cb-8dc1-7c8e2491b2eb",
              "parentUUID": "531c1b9f-a97d-433a-b6dc-3ce9acdfe2ef",
              "isHook": false,
              "skipped": false
            },
            {
              "title": "Upload no file...",
              "fullTitle": "Test file upload via webdriver uni Upload no file...",
              "timedOut": null,
              "duration": 976,
              "state": "passed",
              "speed": "fast",
              "pass": true,
              "fail": false,
              "pending": false,
              "context": null,
              "code": "cy.visit(\"http://www.webdriveruniversity.com\");\ncy.get('#file-upload').invoke(\"removeAttr\", \"target\").click();\ncy.get(\"#submit-button\").click();",
              "err": {},
              "uuid": "0512f6d4-fd5d-4e12-ad27-6cbcf765d704",
              "parentUUID": "531c1b9f-a97d-433a-b6dc-3ce9acdfe2ef",
              "isHook": false,
              "skipped": false
            }
          ],
          "suites": [],
          "passes": [
            "5b7ad135-91c2-42cb-8dc1-7c8e2491b2eb",
            "0512f6d4-fd5d-4e12-ad27-6cbcf765d704"
          ],
          "failures": [],
          "pending": [],
          "skipped": [],
          "duration": 3932,
          "root": false,
          "rootEmpty": false,
          "_timeout": 2000
        }
      ],
      "passes": [],
      "failures": [],
      "pending": [],
      "skipped": [],
      "duration": 0,
      "root": true,
      "rootEmpty": true,
      "_timeout": 2000
    }
  ],
  "meta": {
    "mocha": {
      "version": "7.0.1"
    },
    "mochawesome": {
      "options": {
        "quiet": false,
        "reportFilename": "mochawesome",
        "saveHtml": false,
        "saveJson": true,
        "consoleReporter": "spec",
        "useInlineDiffs": false,
        "code": true
      },
      "version": "7.1.3"
    },
    "marge": {
      "options": {
        "id": "default",
        "reportDir": "cypress/results/mochawesome",
        "quite": true,
        "overwrite": false,
        "html": false,
        "json": true
      },
      "version": "6.2.0"
    }
  }
}