{
  "stats": {
    "suites": 1,
    "tests": 1,
    "passes": 1,
    "pending": 0,
    "failures": 0,
    "start": "2022-08-10T18:43:45.922Z",
    "end": "2022-08-10T18:43:50.084Z",
    "duration": 4162,
    "testsRegistered": 1,
    "passPercent": 100,
    "pendingPercent": 0,
    "other": 0,
    "hasOther": false,
    "skipped": 0,
    "hasSkipped": false
  },
  "results": [
    {
      "uuid": "333d6fc0-3eff-43c6-b859-537e78bd3b43",
      "title": "",
      "fullFile": "cypress/integration/webdriver-uni/checkboxes.js",
      "file": "cypress/integration/webdriver-uni/checkboxes.js",
      "beforeHooks": [],
      "afterHooks": [],
      "tests": [],
      "suites": [
        {
          "uuid": "5ce1e727-67dd-43b0-a1ea-3207d3160482",
          "title": "Verify checkboxes via webdriveruni",
          "fullFile": "",
          "file": "",
          "beforeHooks": [],
          "afterHooks": [],
          "tests": [
            {
              "title": "Confirm and validate checkbox",
              "fullTitle": "Verify checkboxes via webdriveruni Confirm and validate checkbox",
              "timedOut": null,
              "duration": 4087,
              "state": "passed",
              "speed": "fast",
              "pass": true,
              "fail": false,
              "pending": false,
              "context": null,
              "code": "cy.get(':nth-child(5) > input').uncheck().should('not.be.checked');\ncy.get('#checkboxes > :nth-child(1) > input').check().should('be.checked');\ncy.get('#radio-buttons').find(\"[type='radio']\");",
              "err": {},
              "uuid": "65b16d9c-b6b3-421b-a772-2c3d6d0d0564",
              "parentUUID": "5ce1e727-67dd-43b0-a1ea-3207d3160482",
              "isHook": false,
              "skipped": false
            }
          ],
          "suites": [],
          "passes": [
            "65b16d9c-b6b3-421b-a772-2c3d6d0d0564"
          ],
          "failures": [],
          "pending": [],
          "skipped": [],
          "duration": 4087,
          "root": false,
          "rootEmpty": false,
          "_timeout": 2000
        }
      ],
      "passes": [],
      "failures": [],
      "pending": [],
      "skipped": [],
      "duration": 0,
      "root": true,
      "rootEmpty": true,
      "_timeout": 2000
    }
  ],
  "meta": {
    "mocha": {
      "version": "7.0.1"
    },
    "mochawesome": {
      "options": {
        "quiet": false,
        "reportFilename": "mochawesome",
        "saveHtml": false,
        "saveJson": true,
        "consoleReporter": "spec",
        "useInlineDiffs": false,
        "code": true
      },
      "version": "7.1.3"
    },
    "marge": {
      "options": {
        "id": "default",
        "reportDir": "cypress/results/mochawesome",
        "quite": true,
        "overwrite": false,
        "html": false,
        "json": true
      },
      "version": "6.2.0"
    }
  }
}