{
  "stats": {
    "suites": 1,
    "tests": 1,
    "passes": 1,
    "pending": 0,
    "failures": 0,
    "start": "2022-08-09T18:53:49.036Z",
    "end": "2022-08-09T18:54:08.859Z",
    "duration": 19823,
    "testsRegistered": 1,
    "passPercent": 100,
    "pendingPercent": 0,
    "other": 0,
    "hasOther": false,
    "skipped": 0,
    "hasSkipped": false
  },
  "results": [
    {
      "uuid": "7314ce08-42ea-4e74-a5b1-66a97d297ed9",
      "title": "",
      "fullFile": "cypress/integration/automation-test-store/unbugqa.js",
      "file": "cypress/integration/automation-test-store/unbugqa.js",
      "beforeHooks": [],
      "afterHooks": [],
      "tests": [],
      "suites": [
        {
          "uuid": "834d8feb-8fa5-4129-a0b3-3a501d50d2a3",
          "title": "Test login page with valid data",
          "fullFile": "",
          "file": "",
          "beforeHooks": [],
          "afterHooks": [],
          "tests": [
            {
              "title": "Verify user can access google",
              "fullTitle": "Test login page with valid data Verify user can access google",
              "timedOut": null,
              "duration": 16414,
              "state": "passed",
              "speed": "slow",
              "pass": true,
              "fail": false,
              "pending": false,
              "context": null,
              "code": "cy.visit('https://google.com');\ncy.get('.gLFyf').type(\"Oshikomaiya Oluwaseun\");\ncy.get('.FPdoLc > center > .gNO89b').click();",
              "err": {},
              "uuid": "4d774e3e-ed5d-4a50-9161-ff892c73a051",
              "parentUUID": "834d8feb-8fa5-4129-a0b3-3a501d50d2a3",
              "isHook": false,
              "skipped": false
            }
          ],
          "suites": [],
          "passes": [
            "4d774e3e-ed5d-4a50-9161-ff892c73a051"
          ],
          "failures": [],
          "pending": [],
          "skipped": [],
          "duration": 16414,
          "root": false,
          "rootEmpty": false,
          "_timeout": 2000
        }
      ],
      "passes": [],
      "failures": [],
      "pending": [],
      "skipped": [],
      "duration": 0,
      "root": true,
      "rootEmpty": true,
      "_timeout": 2000
    }
  ],
  "meta": {
    "mocha": {
      "version": "7.0.1"
    },
    "mochawesome": {
      "options": {
        "quiet": false,
        "reportFilename": "mochawesome",
        "saveHtml": false,
        "saveJson": true,
        "consoleReporter": "spec",
        "useInlineDiffs": false,
        "code": true
      },
      "version": "7.1.3"
    },
    "marge": {
      "options": {
        "id": "default",
        "reportDir": "cypress/results/mochawesome",
        "quite": true,
        "overwrite": false,
        "html": false,
        "json": true
      },
      "version": "6.2.0"
    }
  }
}