{
  "stats": {
    "suites": 1,
    "tests": 16,
    "passes": 16,
    "pending": 0,
    "failures": 0,
    "start": "2022-08-10T18:44:30.705Z",
    "end": "2022-08-10T18:44:49.774Z",
    "duration": 19069,
    "testsRegistered": 16,
    "passPercent": 100,
    "pendingPercent": 0,
    "other": 0,
    "hasOther": false,
    "skipped": 0,
    "hasSkipped": false
  },
  "results": [
    {
      "uuid": "a74b4270-1fc8-44a2-8d6d-fe018f606c24",
      "title": "",
      "fullFile": "cypress/integration/webdriver-uni/traversing-elements.js",
      "file": "cypress/integration/webdriver-uni/traversing-elements.js",
      "beforeHooks": [],
      "afterHooks": [],
      "tests": [],
      "suites": [
        {
          "uuid": "c4cd1958-63cf-4e7d-8dcd-83cd5acfd99f",
          "title": "Traversing DOM elements in Cypress",
          "fullFile": "",
          "file": "",
          "beforeHooks": [],
          "afterHooks": [],
          "tests": [
            {
              "title": "children() to get the children of DOM elements",
              "fullTitle": "Traversing DOM elements in Cypress children() to get the children of DOM elements",
              "timedOut": null,
              "duration": 3631,
              "state": "passed",
              "speed": "fast",
              "pass": true,
              "fail": false,
              "pending": false,
              "context": null,
              "code": "",
              "err": {},
              "uuid": "56a17baa-e620-4ded-8ebc-747583741fb0",
              "parentUUID": "c4cd1958-63cf-4e7d-8dcd-83cd5acfd99f",
              "isHook": false,
              "skipped": false
            },
            {
              "title": "closest() to validate the closest ancestor DOM element",
              "fullTitle": "Traversing DOM elements in Cypress closest() to validate the closest ancestor DOM element",
              "timedOut": null,
              "duration": 900,
              "state": "passed",
              "speed": "fast",
              "pass": true,
              "fail": false,
              "pending": false,
              "context": null,
              "code": "",
              "err": {},
              "uuid": "15ff2e52-0431-48c1-9a45-afd0afb8ae20",
              "parentUUID": "c4cd1958-63cf-4e7d-8dcd-83cd5acfd99f",
              "isHook": false,
              "skipped": false
            },
            {
              "title": "eq() to retrieve a specific element based on index",
              "fullTitle": "Traversing DOM elements in Cypress eq() to retrieve a specific element based on index",
              "timedOut": null,
              "duration": 973,
              "state": "passed",
              "speed": "fast",
              "pass": true,
              "fail": false,
              "pending": false,
              "context": null,
              "code": "",
              "err": {},
              "uuid": "dde81231-c95e-470a-9b6a-a6698debc7fa",
              "parentUUID": "c4cd1958-63cf-4e7d-8dcd-83cd5acfd99f",
              "isHook": false,
              "skipped": false
            },
            {
              "title": "filter() to retrieve DOM elements that match a specific selector",
              "fullTitle": "Traversing DOM elements in Cypress filter() to retrieve DOM elements that match a specific selector",
              "timedOut": null,
              "duration": 1362,
              "state": "passed",
              "speed": "fast",
              "pass": true,
              "fail": false,
              "pending": false,
              "context": null,
              "code": "",
              "err": {},
              "uuid": "0350cdf4-4f19-401a-8d61-cbeb81b8aff2",
              "parentUUID": "c4cd1958-63cf-4e7d-8dcd-83cd5acfd99f",
              "isHook": false,
              "skipped": false
            },
            {
              "title": "find() to retrieve DOM elements of a given selector",
              "fullTitle": "Traversing DOM elements in Cypress find() to retrieve DOM elements of a given selector",
              "timedOut": null,
              "duration": 776,
              "state": "passed",
              "speed": "fast",
              "pass": true,
              "fail": false,
              "pending": false,
              "context": null,
              "code": "",
              "err": {},
              "uuid": "1e67b32b-8aca-4f8b-9c0d-0cb96123b062",
              "parentUUID": "c4cd1958-63cf-4e7d-8dcd-83cd5acfd99f",
              "isHook": false,
              "skipped": false
            },
            {
              "title": "first() to retrieve the first DOM element within elements ",
              "fullTitle": "Traversing DOM elements in Cypress first() to retrieve the first DOM element within elements ",
              "timedOut": null,
              "duration": 930,
              "state": "passed",
              "speed": "fast",
              "pass": true,
              "fail": false,
              "pending": false,
              "context": null,
              "code": "",
              "err": {},
              "uuid": "81ce6bfd-c4e3-4b74-941f-f33f210c89d9",
              "parentUUID": "c4cd1958-63cf-4e7d-8dcd-83cd5acfd99f",
              "isHook": false,
              "skipped": false
            },
            {
              "title": "last() to retrieve the last DOM element within elements",
              "fullTitle": "Traversing DOM elements in Cypress last() to retrieve the last DOM element within elements",
              "timedOut": null,
              "duration": 762,
              "state": "passed",
              "speed": "fast",
              "pass": true,
              "fail": false,
              "pending": false,
              "context": null,
              "code": "",
              "err": {},
              "uuid": "c09b604e-8347-4abe-be7a-5f5f649eee7e",
              "parentUUID": "c4cd1958-63cf-4e7d-8dcd-83cd5acfd99f",
              "isHook": false,
              "skipped": false
            },
            {
              "title": "nextAll() to get all of the next sibling DOM elements within elements",
              "fullTitle": "Traversing DOM elements in Cypress nextAll() to get all of the next sibling DOM elements within elements",
              "timedOut": null,
              "duration": 1185,
              "state": "passed",
              "speed": "fast",
              "pass": true,
              "fail": false,
              "pending": false,
              "context": null,
              "code": "",
              "err": {},
              "uuid": "e057d7e2-c007-4941-98da-856c47de22b0",
              "parentUUID": "c4cd1958-63cf-4e7d-8dcd-83cd5acfd99f",
              "isHook": false,
              "skipped": false
            },
            {
              "title": "nextUntil() to get all of the next sibling DOM elements within elements until another element",
              "fullTitle": "Traversing DOM elements in Cypress nextUntil() to get all of the next sibling DOM elements within elements until another element",
              "timedOut": null,
              "duration": 1407,
              "state": "passed",
              "speed": "fast",
              "pass": true,
              "fail": false,
              "pending": false,
              "context": null,
              "code": "",
              "err": {},
              "uuid": "6ea37667-63d2-4d12-baf3-129f2bd0c3eb",
              "parentUUID": "c4cd1958-63cf-4e7d-8dcd-83cd5acfd99f",
              "isHook": false,
              "skipped": false
            },
            {
              "title": "not() to remove DOM element(s) from the set of elements",
              "fullTitle": "Traversing DOM elements in Cypress not() to remove DOM element(s) from the set of elements",
              "timedOut": null,
              "duration": 951,
              "state": "passed",
              "speed": "fast",
              "pass": true,
              "fail": false,
              "pending": false,
              "context": null,
              "code": "",
              "err": {},
              "uuid": "1a4830d5-d3b8-4396-aa5a-4ee84b5f6387",
              "parentUUID": "c4cd1958-63cf-4e7d-8dcd-83cd5acfd99f",
              "isHook": false,
              "skipped": false
            },
            {
              "title": "parent() To get parent DOM element of elements",
              "fullTitle": "Traversing DOM elements in Cypress parent() To get parent DOM element of elements",
              "timedOut": null,
              "duration": 880,
              "state": "passed",
              "speed": "fast",
              "pass": true,
              "fail": false,
              "pending": false,
              "context": null,
              "code": "",
              "err": {},
              "uuid": "beaeca35-029f-479a-97b3-b88cdc23bcce",
              "parentUUID": "c4cd1958-63cf-4e7d-8dcd-83cd5acfd99f",
              "isHook": false,
              "skipped": false
            },
            {
              "title": "parents() to get parents DOM element of elements",
              "fullTitle": "Traversing DOM elements in Cypress parents() to get parents DOM element of elements",
              "timedOut": null,
              "duration": 899,
              "state": "passed",
              "speed": "fast",
              "pass": true,
              "fail": false,
              "pending": false,
              "context": null,
              "code": "",
              "err": {},
              "uuid": "a9114927-c964-478b-9bec-4f59659f82b6",
              "parentUUID": "c4cd1958-63cf-4e7d-8dcd-83cd5acfd99f",
              "isHook": false,
              "skipped": false
            },
            {
              "title": "prev() to get the previous sibling DOM element within elements",
              "fullTitle": "Traversing DOM elements in Cypress prev() to get the previous sibling DOM element within elements",
              "timedOut": null,
              "duration": 1046,
              "state": "passed",
              "speed": "fast",
              "pass": true,
              "fail": false,
              "pending": false,
              "context": null,
              "code": "",
              "err": {},
              "uuid": "b66988cf-2d15-4b64-99c0-324ed37518d0",
              "parentUUID": "c4cd1958-63cf-4e7d-8dcd-83cd5acfd99f",
              "isHook": false,
              "skipped": false
            },
            {
              "title": "prevAll() to get all previous sibling DOM elements within elements",
              "fullTitle": "Traversing DOM elements in Cypress prevAll() to get all previous sibling DOM elements within elements",
              "timedOut": null,
              "duration": 1081,
              "state": "passed",
              "speed": "fast",
              "pass": true,
              "fail": false,
              "pending": false,
              "context": null,
              "code": "",
              "err": {},
              "uuid": "fd1d6d6a-4f8d-46f4-b33d-874f8e928253",
              "parentUUID": "c4cd1958-63cf-4e7d-8dcd-83cd5acfd99f",
              "isHook": false,
              "skipped": false
            },
            {
              "title": "prevUntil() to get all previous sibling DOM elements within elements until other element",
              "fullTitle": "Traversing DOM elements in Cypress prevUntil() to get all previous sibling DOM elements within elements until other element",
              "timedOut": null,
              "duration": 865,
              "state": "passed",
              "speed": "fast",
              "pass": true,
              "fail": false,
              "pending": false,
              "context": null,
              "code": "",
              "err": {},
              "uuid": "62cfe066-012d-43bb-ad9e-056c1baf5e57",
              "parentUUID": "c4cd1958-63cf-4e7d-8dcd-83cd5acfd99f",
              "isHook": false,
              "skipped": false
            },
            {
              "title": "siblings() To get all sibling DOM elements of elements",
              "fullTitle": "Traversing DOM elements in Cypress siblings() To get all sibling DOM elements of elements",
              "timedOut": null,
              "duration": 1291,
              "state": "passed",
              "speed": "fast",
              "pass": true,
              "fail": false,
              "pending": false,
              "context": null,
              "code": "",
              "err": {},
              "uuid": "907a44b2-cbed-4889-b5bd-1e37dc68e478",
              "parentUUID": "c4cd1958-63cf-4e7d-8dcd-83cd5acfd99f",
              "isHook": false,
              "skipped": false
            }
          ],
          "suites": [],
          "passes": [
            "56a17baa-e620-4ded-8ebc-747583741fb0",
            "15ff2e52-0431-48c1-9a45-afd0afb8ae20",
            "dde81231-c95e-470a-9b6a-a6698debc7fa",
            "0350cdf4-4f19-401a-8d61-cbeb81b8aff2",
            "1e67b32b-8aca-4f8b-9c0d-0cb96123b062",
            "81ce6bfd-c4e3-4b74-941f-f33f210c89d9",
            "c09b604e-8347-4abe-be7a-5f5f649eee7e",
            "e057d7e2-c007-4941-98da-856c47de22b0",
            "6ea37667-63d2-4d12-baf3-129f2bd0c3eb",
            "1a4830d5-d3b8-4396-aa5a-4ee84b5f6387",
            "beaeca35-029f-479a-97b3-b88cdc23bcce",
            "a9114927-c964-478b-9bec-4f59659f82b6",
            "b66988cf-2d15-4b64-99c0-324ed37518d0",
            "fd1d6d6a-4f8d-46f4-b33d-874f8e928253",
            "62cfe066-012d-43bb-ad9e-056c1baf5e57",
            "907a44b2-cbed-4889-b5bd-1e37dc68e478"
          ],
          "failures": [],
          "pending": [],
          "skipped": [],
          "duration": 18939,
          "root": false,
          "rootEmpty": false,
          "_timeout": 2000
        }
      ],
      "passes": [],
      "failures": [],
      "pending": [],
      "skipped": [],
      "duration": 0,
      "root": true,
      "rootEmpty": true,
      "_timeout": 2000
    }
  ],
  "meta": {
    "mocha": {
      "version": "7.0.1"
    },
    "mochawesome": {
      "options": {
        "quiet": false,
        "reportFilename": "mochawesome",
        "saveHtml": false,
        "saveJson": true,
        "consoleReporter": "spec",
        "useInlineDiffs": false,
        "code": true
      },
      "version": "7.1.3"
    },
    "marge": {
      "options": {
        "id": "default",
        "reportDir": "cypress/results/mochawesome",
        "quite": true,
        "overwrite": false,
        "html": false,
        "json": true
      },
      "version": "6.2.0"
    }
  }
}