{
  "stats": {
    "suites": 1,
    "tests": 1,
    "passes": 1,
    "pending": 0,
    "failures": 0,
    "start": "2022-08-10T19:46:44.765Z",
    "end": "2022-08-10T19:46:59.893Z",
    "duration": 15128,
    "testsRegistered": 1,
    "passPercent": 100,
    "pendingPercent": 0,
    "other": 0,
    "hasOther": false,
    "skipped": 0,
    "hasSkipped": false
  },
  "results": [
    {
      "uuid": "0914c8f3-9001-43b4-ab3d-72631a1a6508",
      "title": "",
      "fullFile": "cypress/integration/automation-test-store/unbugqa.js",
      "file": "cypress/integration/automation-test-store/unbugqa.js",
      "beforeHooks": [],
      "afterHooks": [],
      "tests": [],
      "suites": [
        {
          "uuid": "09c7701e-47ef-4104-a44e-45fb68a1a141",
          "title": "Test login page with valid data",
          "fullFile": "",
          "file": "",
          "beforeHooks": [],
          "afterHooks": [],
          "tests": [
            {
              "title": "Verify user can access google",
              "fullTitle": "Test login page with valid data Verify user can access google",
              "timedOut": null,
              "duration": 10885,
              "state": "passed",
              "speed": "slow",
              "pass": true,
              "fail": false,
              "pending": false,
              "context": null,
              "code": "cy.visit('https://google.com');\ncy.get('.gLFyf').type(\"Oshikomaiya Oluwaseun\");\ncy.get('.FPdoLc > center > .gNO89b').click();",
              "err": {},
              "uuid": "290617ee-fc16-4e2c-bf49-3c617a042ce0",
              "parentUUID": "09c7701e-47ef-4104-a44e-45fb68a1a141",
              "isHook": false,
              "skipped": false
            }
          ],
          "suites": [],
          "passes": [
            "290617ee-fc16-4e2c-bf49-3c617a042ce0"
          ],
          "failures": [],
          "pending": [],
          "skipped": [],
          "duration": 10885,
          "root": false,
          "rootEmpty": false,
          "_timeout": 2000
        }
      ],
      "passes": [],
      "failures": [],
      "pending": [],
      "skipped": [],
      "duration": 0,
      "root": true,
      "rootEmpty": true,
      "_timeout": 2000
    }
  ],
  "meta": {
    "mocha": {
      "version": "7.0.1"
    },
    "mochawesome": {
      "options": {
        "quiet": false,
        "reportFilename": "mochawesome",
        "saveHtml": false,
        "saveJson": true,
        "consoleReporter": "spec",
        "useInlineDiffs": false,
        "code": true
      },
      "version": "7.1.3"
    },
    "marge": {
      "options": {
        "id": "default",
        "reportDir": "cypress/results/mochawesome",
        "quite": true,
        "overwrite": false,
        "html": false,
        "json": true
      },
      "version": "6.2.0"
    }
  }
}