{
  "stats": {
    "suites": 1,
    "tests": 1,
    "passes": 1,
    "pending": 0,
    "failures": 0,
    "start": "2022-08-09T19:27:26.045Z",
    "end": "2022-08-09T19:27:37.926Z",
    "duration": 11881,
    "testsRegistered": 1,
    "passPercent": 100,
    "pendingPercent": 0,
    "other": 0,
    "hasOther": false,
    "skipped": 0,
    "hasSkipped": false
  },
  "results": [
    {
      "uuid": "df37fbd5-9657-4ab5-a997-adb25d78414b",
      "title": "",
      "fullFile": "cypress/integration/automation-test-store/alias-invoke.js",
      "file": "cypress/integration/automation-test-store/alias-invoke.js",
      "beforeHooks": [],
      "afterHooks": [],
      "tests": [],
      "suites": [
        {
          "uuid": "794878c7-8b8d-4b97-878c-510ff648baad",
          "title": "Alias and invoke",
          "fullFile": "",
          "file": "",
          "beforeHooks": [],
          "afterHooks": [],
          "tests": [
            {
              "title": "Validate a specific hair care product",
              "fullTitle": "Alias and invoke Validate a specific hair care product",
              "timedOut": null,
              "duration": 8120,
              "state": "passed",
              "speed": "medium",
              "pass": true,
              "fail": false,
              "pending": false,
              "context": null,
              "code": "cy.visit('https://automationteststore.com');\ncy.get(\"a[href*='product/category&path=']\").contains(\"Hair Care\").click();\ncy.get(\".fixed_wrapper .prdocutname\").eq(0).invoke('text').as('productThumbnail');\ncy.get('@productThumbnail').its('length').should('be.gt', 5);\ncy.get('@productThumbnail').should('include', 'Seaweed Conditioner');",
              "err": {},
              "uuid": "08d3b662-cc45-4fdc-8ec3-fc57963938a8",
              "parentUUID": "794878c7-8b8d-4b97-878c-510ff648baad",
              "isHook": false,
              "skipped": false
            }
          ],
          "suites": [],
          "passes": [
            "08d3b662-cc45-4fdc-8ec3-fc57963938a8"
          ],
          "failures": [],
          "pending": [],
          "skipped": [],
          "duration": 8120,
          "root": false,
          "rootEmpty": false,
          "_timeout": 2000
        }
      ],
      "passes": [],
      "failures": [],
      "pending": [],
      "skipped": [],
      "duration": 0,
      "root": true,
      "rootEmpty": true,
      "_timeout": 2000
    }
  ],
  "meta": {
    "mocha": {
      "version": "7.0.1"
    },
    "mochawesome": {
      "options": {
        "quiet": false,
        "reportFilename": "mochawesome",
        "saveHtml": false,
        "saveJson": true,
        "consoleReporter": "spec",
        "useInlineDiffs": false,
        "code": true
      },
      "version": "7.1.3"
    },
    "marge": {
      "options": {
        "id": "default",
        "reportDir": "cypress/results/mochawesome",
        "quite": true,
        "overwrite": false,
        "html": false,
        "json": true
      },
      "version": "6.2.0"
    }
  }
}