{
  "stats": {
    "suites": 1,
    "tests": 16,
    "passes": 16,
    "pending": 0,
    "failures": 0,
    "start": "2022-08-10T19:48:50.727Z",
    "end": "2022-08-10T19:49:11.469Z",
    "duration": 20742,
    "testsRegistered": 16,
    "passPercent": 100,
    "pendingPercent": 0,
    "other": 0,
    "hasOther": false,
    "skipped": 0,
    "hasSkipped": false
  },
  "results": [
    {
      "uuid": "f50b9693-5a93-4c42-a3c8-1cd68fedebc1",
      "title": "",
      "fullFile": "cypress/integration/webdriver-uni/traversing-elements.js",
      "file": "cypress/integration/webdriver-uni/traversing-elements.js",
      "beforeHooks": [],
      "afterHooks": [],
      "tests": [],
      "suites": [
        {
          "uuid": "a016e3f5-0fc5-4bd5-9770-4c5fba8e6616",
          "title": "Traversing DOM elements in Cypress",
          "fullFile": "",
          "file": "",
          "beforeHooks": [],
          "afterHooks": [],
          "tests": [
            {
              "title": "children() to get the children of DOM elements",
              "fullTitle": "Traversing DOM elements in Cypress children() to get the children of DOM elements",
              "timedOut": null,
              "duration": 4492,
              "state": "passed",
              "speed": "fast",
              "pass": true,
              "fail": false,
              "pending": false,
              "context": null,
              "code": "",
              "err": {},
              "uuid": "672c7db9-af57-4358-92cf-61404df686a2",
              "parentUUID": "a016e3f5-0fc5-4bd5-9770-4c5fba8e6616",
              "isHook": false,
              "skipped": false
            },
            {
              "title": "closest() to validate the closest ancestor DOM element",
              "fullTitle": "Traversing DOM elements in Cypress closest() to validate the closest ancestor DOM element",
              "timedOut": null,
              "duration": 1249,
              "state": "passed",
              "speed": "fast",
              "pass": true,
              "fail": false,
              "pending": false,
              "context": null,
              "code": "",
              "err": {},
              "uuid": "e56c06e7-fa09-4024-b52a-917deef72638",
              "parentUUID": "a016e3f5-0fc5-4bd5-9770-4c5fba8e6616",
              "isHook": false,
              "skipped": false
            },
            {
              "title": "eq() to retrieve a specific element based on index",
              "fullTitle": "Traversing DOM elements in Cypress eq() to retrieve a specific element based on index",
              "timedOut": null,
              "duration": 917,
              "state": "passed",
              "speed": "fast",
              "pass": true,
              "fail": false,
              "pending": false,
              "context": null,
              "code": "",
              "err": {},
              "uuid": "b5d5080d-da49-4bf9-b07c-04f0ed925e0d",
              "parentUUID": "a016e3f5-0fc5-4bd5-9770-4c5fba8e6616",
              "isHook": false,
              "skipped": false
            },
            {
              "title": "filter() to retrieve DOM elements that match a specific selector",
              "fullTitle": "Traversing DOM elements in Cypress filter() to retrieve DOM elements that match a specific selector",
              "timedOut": null,
              "duration": 1211,
              "state": "passed",
              "speed": "fast",
              "pass": true,
              "fail": false,
              "pending": false,
              "context": null,
              "code": "",
              "err": {},
              "uuid": "47dd28c2-d67e-4e51-9b09-07d2119a9046",
              "parentUUID": "a016e3f5-0fc5-4bd5-9770-4c5fba8e6616",
              "isHook": false,
              "skipped": false
            },
            {
              "title": "find() to retrieve DOM elements of a given selector",
              "fullTitle": "Traversing DOM elements in Cypress find() to retrieve DOM elements of a given selector",
              "timedOut": null,
              "duration": 1106,
              "state": "passed",
              "speed": "fast",
              "pass": true,
              "fail": false,
              "pending": false,
              "context": null,
              "code": "",
              "err": {},
              "uuid": "19fde548-5609-4079-8bbb-9e69173ac3e9",
              "parentUUID": "a016e3f5-0fc5-4bd5-9770-4c5fba8e6616",
              "isHook": false,
              "skipped": false
            },
            {
              "title": "first() to retrieve the first DOM element within elements ",
              "fullTitle": "Traversing DOM elements in Cypress first() to retrieve the first DOM element within elements ",
              "timedOut": null,
              "duration": 1117,
              "state": "passed",
              "speed": "fast",
              "pass": true,
              "fail": false,
              "pending": false,
              "context": null,
              "code": "",
              "err": {},
              "uuid": "054c8585-65ff-48c2-ba80-f0edf6e804bd",
              "parentUUID": "a016e3f5-0fc5-4bd5-9770-4c5fba8e6616",
              "isHook": false,
              "skipped": false
            },
            {
              "title": "last() to retrieve the last DOM element within elements",
              "fullTitle": "Traversing DOM elements in Cypress last() to retrieve the last DOM element within elements",
              "timedOut": null,
              "duration": 1188,
              "state": "passed",
              "speed": "fast",
              "pass": true,
              "fail": false,
              "pending": false,
              "context": null,
              "code": "",
              "err": {},
              "uuid": "45f1f78a-d1ca-4fbc-9453-5405f1d2c4da",
              "parentUUID": "a016e3f5-0fc5-4bd5-9770-4c5fba8e6616",
              "isHook": false,
              "skipped": false
            },
            {
              "title": "nextAll() to get all of the next sibling DOM elements within elements",
              "fullTitle": "Traversing DOM elements in Cypress nextAll() to get all of the next sibling DOM elements within elements",
              "timedOut": null,
              "duration": 1107,
              "state": "passed",
              "speed": "fast",
              "pass": true,
              "fail": false,
              "pending": false,
              "context": null,
              "code": "",
              "err": {},
              "uuid": "bb787340-05bc-41f5-b9e5-8250c096659d",
              "parentUUID": "a016e3f5-0fc5-4bd5-9770-4c5fba8e6616",
              "isHook": false,
              "skipped": false
            },
            {
              "title": "nextUntil() to get all of the next sibling DOM elements within elements until another element",
              "fullTitle": "Traversing DOM elements in Cypress nextUntil() to get all of the next sibling DOM elements within elements until another element",
              "timedOut": null,
              "duration": 1088,
              "state": "passed",
              "speed": "fast",
              "pass": true,
              "fail": false,
              "pending": false,
              "context": null,
              "code": "",
              "err": {},
              "uuid": "8a947552-7ef1-4683-8ffa-8e8c71e15ed0",
              "parentUUID": "a016e3f5-0fc5-4bd5-9770-4c5fba8e6616",
              "isHook": false,
              "skipped": false
            },
            {
              "title": "not() to remove DOM element(s) from the set of elements",
              "fullTitle": "Traversing DOM elements in Cypress not() to remove DOM element(s) from the set of elements",
              "timedOut": null,
              "duration": 1033,
              "state": "passed",
              "speed": "fast",
              "pass": true,
              "fail": false,
              "pending": false,
              "context": null,
              "code": "",
              "err": {},
              "uuid": "068cae7d-5d60-4764-90da-13131f636b7e",
              "parentUUID": "a016e3f5-0fc5-4bd5-9770-4c5fba8e6616",
              "isHook": false,
              "skipped": false
            },
            {
              "title": "parent() To get parent DOM element of elements",
              "fullTitle": "Traversing DOM elements in Cypress parent() To get parent DOM element of elements",
              "timedOut": null,
              "duration": 981,
              "state": "passed",
              "speed": "fast",
              "pass": true,
              "fail": false,
              "pending": false,
              "context": null,
              "code": "",
              "err": {},
              "uuid": "5b1ab8d4-6eca-4dd1-b66b-32052ecc7fe6",
              "parentUUID": "a016e3f5-0fc5-4bd5-9770-4c5fba8e6616",
              "isHook": false,
              "skipped": false
            },
            {
              "title": "parents() to get parents DOM element of elements",
              "fullTitle": "Traversing DOM elements in Cypress parents() to get parents DOM element of elements",
              "timedOut": null,
              "duration": 963,
              "state": "passed",
              "speed": "fast",
              "pass": true,
              "fail": false,
              "pending": false,
              "context": null,
              "code": "",
              "err": {},
              "uuid": "97b57f0e-9a81-4019-91f1-46515557d129",
              "parentUUID": "a016e3f5-0fc5-4bd5-9770-4c5fba8e6616",
              "isHook": false,
              "skipped": false
            },
            {
              "title": "prev() to get the previous sibling DOM element within elements",
              "fullTitle": "Traversing DOM elements in Cypress prev() to get the previous sibling DOM element within elements",
              "timedOut": null,
              "duration": 1078,
              "state": "passed",
              "speed": "fast",
              "pass": true,
              "fail": false,
              "pending": false,
              "context": null,
              "code": "",
              "err": {},
              "uuid": "d2a9a797-36ee-4a83-b2d7-8176bb1d410f",
              "parentUUID": "a016e3f5-0fc5-4bd5-9770-4c5fba8e6616",
              "isHook": false,
              "skipped": false
            },
            {
              "title": "prevAll() to get all previous sibling DOM elements within elements",
              "fullTitle": "Traversing DOM elements in Cypress prevAll() to get all previous sibling DOM elements within elements",
              "timedOut": null,
              "duration": 1018,
              "state": "passed",
              "speed": "fast",
              "pass": true,
              "fail": false,
              "pending": false,
              "context": null,
              "code": "",
              "err": {},
              "uuid": "2b507c55-c6f2-4b93-ad82-3f7659ebe8ba",
              "parentUUID": "a016e3f5-0fc5-4bd5-9770-4c5fba8e6616",
              "isHook": false,
              "skipped": false
            },
            {
              "title": "prevUntil() to get all previous sibling DOM elements within elements until other element",
              "fullTitle": "Traversing DOM elements in Cypress prevUntil() to get all previous sibling DOM elements within elements until other element",
              "timedOut": null,
              "duration": 1003,
              "state": "passed",
              "speed": "fast",
              "pass": true,
              "fail": false,
              "pending": false,
              "context": null,
              "code": "",
              "err": {},
              "uuid": "71ff4997-d1e6-4cc1-94df-8279f818b518",
              "parentUUID": "a016e3f5-0fc5-4bd5-9770-4c5fba8e6616",
              "isHook": false,
              "skipped": false
            },
            {
              "title": "siblings() To get all sibling DOM elements of elements",
              "fullTitle": "Traversing DOM elements in Cypress siblings() To get all sibling DOM elements of elements",
              "timedOut": null,
              "duration": 1048,
              "state": "passed",
              "speed": "fast",
              "pass": true,
              "fail": false,
              "pending": false,
              "context": null,
              "code": "",
              "err": {},
              "uuid": "0a1129cc-7df2-4407-9639-53b9ce4dfc0e",
              "parentUUID": "a016e3f5-0fc5-4bd5-9770-4c5fba8e6616",
              "isHook": false,
              "skipped": false
            }
          ],
          "suites": [],
          "passes": [
            "672c7db9-af57-4358-92cf-61404df686a2",
            "e56c06e7-fa09-4024-b52a-917deef72638",
            "b5d5080d-da49-4bf9-b07c-04f0ed925e0d",
            "47dd28c2-d67e-4e51-9b09-07d2119a9046",
            "19fde548-5609-4079-8bbb-9e69173ac3e9",
            "054c8585-65ff-48c2-ba80-f0edf6e804bd",
            "45f1f78a-d1ca-4fbc-9453-5405f1d2c4da",
            "bb787340-05bc-41f5-b9e5-8250c096659d",
            "8a947552-7ef1-4683-8ffa-8e8c71e15ed0",
            "068cae7d-5d60-4764-90da-13131f636b7e",
            "5b1ab8d4-6eca-4dd1-b66b-32052ecc7fe6",
            "97b57f0e-9a81-4019-91f1-46515557d129",
            "d2a9a797-36ee-4a83-b2d7-8176bb1d410f",
            "2b507c55-c6f2-4b93-ad82-3f7659ebe8ba",
            "71ff4997-d1e6-4cc1-94df-8279f818b518",
            "0a1129cc-7df2-4407-9639-53b9ce4dfc0e"
          ],
          "failures": [],
          "pending": [],
          "skipped": [],
          "duration": 20599,
          "root": false,
          "rootEmpty": false,
          "_timeout": 2000
        }
      ],
      "passes": [],
      "failures": [],
      "pending": [],
      "skipped": [],
      "duration": 0,
      "root": true,
      "rootEmpty": true,
      "_timeout": 2000
    }
  ],
  "meta": {
    "mocha": {
      "version": "7.0.1"
    },
    "mochawesome": {
      "options": {
        "quiet": false,
        "reportFilename": "mochawesome",
        "saveHtml": false,
        "saveJson": true,
        "consoleReporter": "spec",
        "useInlineDiffs": false,
        "code": true
      },
      "version": "7.1.3"
    },
    "marge": {
      "options": {
        "id": "default",
        "reportDir": "cypress/results/mochawesome",
        "quite": true,
        "overwrite": false,
        "html": false,
        "json": true
      },
      "version": "6.2.0"
    }
  }
}