{
  "stats": {
    "suites": 1,
    "tests": 1,
    "passes": 0,
    "pending": 0,
    "failures": 1,
    "start": "2022-08-04T23:35:05.476Z",
    "end": "2022-08-04T23:35:21.812Z",
    "duration": 16336,
    "testsRegistered": 1,
    "passPercent": 0,
    "pendingPercent": 0,
    "other": 0,
    "hasOther": false,
    "skipped": 0,
    "hasSkipped": false
  },
  "results": [
    {
      "uuid": "afaa7ec1-47e8-4b44-8775-cf26872bb4b0",
      "title": "",
      "fullFile": "cypress/integration/Assesment/assesment.js",
      "file": "cypress/integration/Assesment/assesment.js",
      "beforeHooks": [],
      "afterHooks": [],
      "tests": [],
      "suites": [
        {
          "uuid": "30983a24-b18b-4adb-a5a3-c649946ed3a3",
          "title": "Verify Login Form",
          "fullFile": "",
          "file": "",
          "beforeHooks": [],
          "afterHooks": [],
          "tests": [
            {
              "title": "automate the login form and assert that you are logged in",
              "fullTitle": "Verify Login Form automate the login form and assert that you are logged in",
              "timedOut": null,
              "duration": 12730,
              "state": "failed",
              "speed": null,
              "pass": false,
              "fail": true,
              "pending": false,
              "context": null,
              "code": "cy.visit(\"https://dev.partner.rejareja.app/auth/login/\");\ncy.get('input#username').type('254701234561');\ncy.get('.form-width > :nth-child(2) > .form-control').type('1122');\ncy.get('//button[@type=\"submit\"]/span[.=\"Submit\"]').click(); // cy.wait(8000);\n//cy.get('button[_ngcontent-gdm-c77]').click()\n//cy.get('button[type=\"submit\"]').contains(\"Submit\").trigger('mouseover').click().click();\n//cy.url().should('include', '/dashboard')\n//Create a supplier and assert the new supplier creation\n// cy.get('div:nth-of-type(2) > p').invoke('removeAttr', 'target').click();\n// cy.get('.btn.btn-primary.ng-star-inserted').click;\n// cy.get('.btn.btn-primary.ng-star-inserted').type('john');\n// cy.get('.btn.btn-primary.ng-star-inserted').type('distributor');\n// cy.get('input#mat-chip-list-input-0').type('lagos');\n// cy.get('div:nth-of-type(2) > input[name=\"fakeFirstName\"]').type('mark');\n// cy.get('div:nth-of-type(3) > input[name=\"fakeFirstName\"]').type('Doe');\n// cy.get('div:nth-of-type(3) > input[name=\"fakeFirstName\"]').type('mark@gmail.com');\n// cy.get('div:nth-of-type(3) > input[name=\"fakeFirstName\"]').type('08060763292');\n// cy.get('[class=\"w-100 ng-touched ng-dirty ng-valid\"] .btn-primary').click();\n// cy.title().should('include', 'new-supplier')",
              "err": {
                "message": "Error: Syntax error, unrecognized expression: //button[@type=\"submit\"]/span[.=\"Submit\"]",
                "estack": "Error: Syntax error, unrecognized expression: //button[@type=\"submit\"]/span[.=\"Submit\"]\n    at Function.Sizzle.error (https://dev.partner.rejareja.app/__cypress/runner/cypress_runner.js:113474:8)\n    at Sizzle.tokenize (https://dev.partner.rejareja.app/__cypress/runner/cypress_runner.js:114126:11)\n    at Sizzle.select (https://dev.partner.rejareja.app/__cypress/runner/cypress_runner.js:114553:20)\n    at Function.Sizzle [as find] (https://dev.partner.rejareja.app/__cypress/runner/cypress_runner.js:112778:9)\n    at jQuery.fn.init.find (https://dev.partner.rejareja.app/__cypress/runner/cypress_runner.js:114809:11)\n    at new jQuery.fn.init (https://dev.partner.rejareja.app/__cypress/runner/cypress_runner.js:114924:40)\n    at Object.query (https://dev.partner.rejareja.app/__cypress/runner/cypress_runner.js:190347:10)\n    at $Cy.$$ (https://dev.partner.rejareja.app/__cypress/runner/cypress_runner.js:169248:65)\n    at getElements (https://dev.partner.rejareja.app/__cypress/runner/cypress_runner.js:164592:20)\n    at tryCatcher (https://dev.partner.rejareja.app/__cypress/runner/cypress_runner.js:13022:23)\n    at Function.Promise.attempt.Promise.try (https://dev.partner.rejareja.app/__cypress/runner/cypress_runner.js:10296:29)\n    at resolveElements (https://dev.partner.rejareja.app/__cypress/runner/cypress_runner.js:164642:67)\n    at Context.get (https://dev.partner.rejareja.app/__cypress/runner/cypress_runner.js:164653:14)\n    at https://dev.partner.rejareja.app/__cypress/runner/cypress_runner.js:177222:15\n    at tryCatcher (https://dev.partner.rejareja.app/__cypress/runner/cypress_runner.js:13022:23)",
                "diff": null
              },
              "uuid": "f5f1b46b-8a09-4ee6-8f71-e32efd504ab2",
              "parentUUID": "30983a24-b18b-4adb-a5a3-c649946ed3a3",
              "isHook": false,
              "skipped": false
            }
          ],
          "suites": [],
          "passes": [],
          "failures": [
            "f5f1b46b-8a09-4ee6-8f71-e32efd504ab2"
          ],
          "pending": [],
          "skipped": [],
          "duration": 12730,
          "root": false,
          "rootEmpty": false,
          "_timeout": 2000
        }
      ],
      "passes": [],
      "failures": [],
      "pending": [],
      "skipped": [],
      "duration": 0,
      "root": true,
      "rootEmpty": true,
      "_timeout": 2000
    }
  ],
  "meta": {
    "mocha": {
      "version": "7.0.1"
    },
    "mochawesome": {
      "options": {
        "quiet": false,
        "reportFilename": "mochawesome",
        "saveHtml": false,
        "saveJson": true,
        "consoleReporter": "spec",
        "useInlineDiffs": false,
        "code": true
      },
      "version": "7.1.3"
    },
    "marge": {
      "options": {
        "id": "default",
        "reportDir": "cypress/results/mochawesome",
        "quite": true,
        "overwrite": false,
        "html": false,
        "json": true
      },
      "version": "6.2.0"
    }
  }
}