{
  "stats": {
    "suites": 1,
    "tests": 16,
    "passes": 16,
    "pending": 0,
    "failures": 0,
    "start": "2022-08-04T23:39:10.324Z",
    "end": "2022-08-04T23:39:32.120Z",
    "duration": 21796,
    "testsRegistered": 16,
    "passPercent": 100,
    "pendingPercent": 0,
    "other": 0,
    "hasOther": false,
    "skipped": 0,
    "hasSkipped": false
  },
  "results": [
    {
      "uuid": "d21606e3-3c4b-4bdf-8954-d8cb19d4c046",
      "title": "",
      "fullFile": "cypress/integration/webdriver-uni/traversing-elements.js",
      "file": "cypress/integration/webdriver-uni/traversing-elements.js",
      "beforeHooks": [],
      "afterHooks": [],
      "tests": [],
      "suites": [
        {
          "uuid": "1f0d2c13-7173-4df3-839d-fda43540f1c1",
          "title": "Traversing DOM elements in Cypress",
          "fullFile": "",
          "file": "",
          "beforeHooks": [],
          "afterHooks": [],
          "tests": [
            {
              "title": "children() to get the children of DOM elements",
              "fullTitle": "Traversing DOM elements in Cypress children() to get the children of DOM elements",
              "timedOut": null,
              "duration": 3405,
              "state": "passed",
              "speed": "fast",
              "pass": true,
              "fail": false,
              "pending": false,
              "context": null,
              "code": "",
              "err": {},
              "uuid": "e4adc93d-7da0-435b-93f8-471902bb0920",
              "parentUUID": "1f0d2c13-7173-4df3-839d-fda43540f1c1",
              "isHook": false,
              "skipped": false
            },
            {
              "title": "closest() to validate the closest ancestor DOM element",
              "fullTitle": "Traversing DOM elements in Cypress closest() to validate the closest ancestor DOM element",
              "timedOut": null,
              "duration": 963,
              "state": "passed",
              "speed": "fast",
              "pass": true,
              "fail": false,
              "pending": false,
              "context": null,
              "code": "",
              "err": {},
              "uuid": "fb59106f-1a0c-41d9-96ef-5baad9961777",
              "parentUUID": "1f0d2c13-7173-4df3-839d-fda43540f1c1",
              "isHook": false,
              "skipped": false
            },
            {
              "title": "eq() to retrieve a specific element based on index",
              "fullTitle": "Traversing DOM elements in Cypress eq() to retrieve a specific element based on index",
              "timedOut": null,
              "duration": 1062,
              "state": "passed",
              "speed": "fast",
              "pass": true,
              "fail": false,
              "pending": false,
              "context": null,
              "code": "",
              "err": {},
              "uuid": "31691a9c-0784-46ff-b112-d10f2afbeeb1",
              "parentUUID": "1f0d2c13-7173-4df3-839d-fda43540f1c1",
              "isHook": false,
              "skipped": false
            },
            {
              "title": "filter() to retrieve DOM elements that match a specific selector",
              "fullTitle": "Traversing DOM elements in Cypress filter() to retrieve DOM elements that match a specific selector",
              "timedOut": null,
              "duration": 1062,
              "state": "passed",
              "speed": "fast",
              "pass": true,
              "fail": false,
              "pending": false,
              "context": null,
              "code": "",
              "err": {},
              "uuid": "d302a60b-4140-4bdd-b49e-9f5f6e87e43a",
              "parentUUID": "1f0d2c13-7173-4df3-839d-fda43540f1c1",
              "isHook": false,
              "skipped": false
            },
            {
              "title": "find() to retrieve DOM elements of a given selector",
              "fullTitle": "Traversing DOM elements in Cypress find() to retrieve DOM elements of a given selector",
              "timedOut": null,
              "duration": 1089,
              "state": "passed",
              "speed": "fast",
              "pass": true,
              "fail": false,
              "pending": false,
              "context": null,
              "code": "",
              "err": {},
              "uuid": "41b77d48-3c98-45bd-8247-401af7afa704",
              "parentUUID": "1f0d2c13-7173-4df3-839d-fda43540f1c1",
              "isHook": false,
              "skipped": false
            },
            {
              "title": "first() to retrieve the first DOM element within elements ",
              "fullTitle": "Traversing DOM elements in Cypress first() to retrieve the first DOM element within elements ",
              "timedOut": null,
              "duration": 1018,
              "state": "passed",
              "speed": "fast",
              "pass": true,
              "fail": false,
              "pending": false,
              "context": null,
              "code": "",
              "err": {},
              "uuid": "90d6f446-9cb9-4024-bf80-933dc9fb95c2",
              "parentUUID": "1f0d2c13-7173-4df3-839d-fda43540f1c1",
              "isHook": false,
              "skipped": false
            },
            {
              "title": "last() to retrieve the last DOM element within elements",
              "fullTitle": "Traversing DOM elements in Cypress last() to retrieve the last DOM element within elements",
              "timedOut": null,
              "duration": 1149,
              "state": "passed",
              "speed": "fast",
              "pass": true,
              "fail": false,
              "pending": false,
              "context": null,
              "code": "",
              "err": {},
              "uuid": "9e40f3d3-3b96-4a75-ad61-890b9f6c0532",
              "parentUUID": "1f0d2c13-7173-4df3-839d-fda43540f1c1",
              "isHook": false,
              "skipped": false
            },
            {
              "title": "nextAll() to get all of the next sibling DOM elements within elements",
              "fullTitle": "Traversing DOM elements in Cypress nextAll() to get all of the next sibling DOM elements within elements",
              "timedOut": null,
              "duration": 1083,
              "state": "passed",
              "speed": "fast",
              "pass": true,
              "fail": false,
              "pending": false,
              "context": null,
              "code": "",
              "err": {},
              "uuid": "b2562078-8c18-46c5-97c6-5f4e266a347e",
              "parentUUID": "1f0d2c13-7173-4df3-839d-fda43540f1c1",
              "isHook": false,
              "skipped": false
            },
            {
              "title": "nextUntil() to get all of the next sibling DOM elements within elements until another element",
              "fullTitle": "Traversing DOM elements in Cypress nextUntil() to get all of the next sibling DOM elements within elements until another element",
              "timedOut": null,
              "duration": 1061,
              "state": "passed",
              "speed": "fast",
              "pass": true,
              "fail": false,
              "pending": false,
              "context": null,
              "code": "",
              "err": {},
              "uuid": "51669089-7d08-4946-8929-874daf800456",
              "parentUUID": "1f0d2c13-7173-4df3-839d-fda43540f1c1",
              "isHook": false,
              "skipped": false
            },
            {
              "title": "not() to remove DOM element(s) from the set of elements",
              "fullTitle": "Traversing DOM elements in Cypress not() to remove DOM element(s) from the set of elements",
              "timedOut": null,
              "duration": 1981,
              "state": "passed",
              "speed": "fast",
              "pass": true,
              "fail": false,
              "pending": false,
              "context": null,
              "code": "",
              "err": {},
              "uuid": "46d3576f-38b1-42d5-8c55-d6804944ac0d",
              "parentUUID": "1f0d2c13-7173-4df3-839d-fda43540f1c1",
              "isHook": false,
              "skipped": false
            },
            {
              "title": "parent() To get parent DOM element of elements",
              "fullTitle": "Traversing DOM elements in Cypress parent() To get parent DOM element of elements",
              "timedOut": null,
              "duration": 963,
              "state": "passed",
              "speed": "fast",
              "pass": true,
              "fail": false,
              "pending": false,
              "context": null,
              "code": "",
              "err": {},
              "uuid": "2148f317-1be4-49e6-83c0-23c89ac4b1a4",
              "parentUUID": "1f0d2c13-7173-4df3-839d-fda43540f1c1",
              "isHook": false,
              "skipped": false
            },
            {
              "title": "parents() to get parents DOM element of elements",
              "fullTitle": "Traversing DOM elements in Cypress parents() to get parents DOM element of elements",
              "timedOut": null,
              "duration": 928,
              "state": "passed",
              "speed": "fast",
              "pass": true,
              "fail": false,
              "pending": false,
              "context": null,
              "code": "",
              "err": {},
              "uuid": "5254c095-c601-4e12-ba57-c30270fe23da",
              "parentUUID": "1f0d2c13-7173-4df3-839d-fda43540f1c1",
              "isHook": false,
              "skipped": false
            },
            {
              "title": "prev() to get the previous sibling DOM element within elements",
              "fullTitle": "Traversing DOM elements in Cypress prev() to get the previous sibling DOM element within elements",
              "timedOut": null,
              "duration": 1635,
              "state": "passed",
              "speed": "fast",
              "pass": true,
              "fail": false,
              "pending": false,
              "context": null,
              "code": "",
              "err": {},
              "uuid": "55c1f424-f40d-46d2-96dd-13823e12844f",
              "parentUUID": "1f0d2c13-7173-4df3-839d-fda43540f1c1",
              "isHook": false,
              "skipped": false
            },
            {
              "title": "prevAll() to get all previous sibling DOM elements within elements",
              "fullTitle": "Traversing DOM elements in Cypress prevAll() to get all previous sibling DOM elements within elements",
              "timedOut": null,
              "duration": 2030,
              "state": "passed",
              "speed": "fast",
              "pass": true,
              "fail": false,
              "pending": false,
              "context": null,
              "code": "",
              "err": {},
              "uuid": "ba420f9e-e55a-41ca-92df-e5f6dccfbff7",
              "parentUUID": "1f0d2c13-7173-4df3-839d-fda43540f1c1",
              "isHook": false,
              "skipped": false
            },
            {
              "title": "prevUntil() to get all previous sibling DOM elements within elements until other element",
              "fullTitle": "Traversing DOM elements in Cypress prevUntil() to get all previous sibling DOM elements within elements until other element",
              "timedOut": null,
              "duration": 1047,
              "state": "passed",
              "speed": "fast",
              "pass": true,
              "fail": false,
              "pending": false,
              "context": null,
              "code": "",
              "err": {},
              "uuid": "49d29eba-6e99-40f6-9787-4cdc82055014",
              "parentUUID": "1f0d2c13-7173-4df3-839d-fda43540f1c1",
              "isHook": false,
              "skipped": false
            },
            {
              "title": "siblings() To get all sibling DOM elements of elements",
              "fullTitle": "Traversing DOM elements in Cypress siblings() To get all sibling DOM elements of elements",
              "timedOut": null,
              "duration": 1158,
              "state": "passed",
              "speed": "fast",
              "pass": true,
              "fail": false,
              "pending": false,
              "context": null,
              "code": "",
              "err": {},
              "uuid": "176d80d2-0672-42a5-a556-4edf73a32a85",
              "parentUUID": "1f0d2c13-7173-4df3-839d-fda43540f1c1",
              "isHook": false,
              "skipped": false
            }
          ],
          "suites": [],
          "passes": [
            "e4adc93d-7da0-435b-93f8-471902bb0920",
            "fb59106f-1a0c-41d9-96ef-5baad9961777",
            "31691a9c-0784-46ff-b112-d10f2afbeeb1",
            "d302a60b-4140-4bdd-b49e-9f5f6e87e43a",
            "41b77d48-3c98-45bd-8247-401af7afa704",
            "90d6f446-9cb9-4024-bf80-933dc9fb95c2",
            "9e40f3d3-3b96-4a75-ad61-890b9f6c0532",
            "b2562078-8c18-46c5-97c6-5f4e266a347e",
            "51669089-7d08-4946-8929-874daf800456",
            "46d3576f-38b1-42d5-8c55-d6804944ac0d",
            "2148f317-1be4-49e6-83c0-23c89ac4b1a4",
            "5254c095-c601-4e12-ba57-c30270fe23da",
            "55c1f424-f40d-46d2-96dd-13823e12844f",
            "ba420f9e-e55a-41ca-92df-e5f6dccfbff7",
            "49d29eba-6e99-40f6-9787-4cdc82055014",
            "176d80d2-0672-42a5-a556-4edf73a32a85"
          ],
          "failures": [],
          "pending": [],
          "skipped": [],
          "duration": 21634,
          "root": false,
          "rootEmpty": false,
          "_timeout": 2000
        }
      ],
      "passes": [],
      "failures": [],
      "pending": [],
      "skipped": [],
      "duration": 0,
      "root": true,
      "rootEmpty": true,
      "_timeout": 2000
    }
  ],
  "meta": {
    "mocha": {
      "version": "7.0.1"
    },
    "mochawesome": {
      "options": {
        "quiet": false,
        "reportFilename": "mochawesome",
        "saveHtml": false,
        "saveJson": true,
        "consoleReporter": "spec",
        "useInlineDiffs": false,
        "code": true
      },
      "version": "7.1.3"
    },
    "marge": {
      "options": {
        "id": "default",
        "reportDir": "cypress/results/mochawesome",
        "quite": true,
        "overwrite": false,
        "html": false,
        "json": true
      },
      "version": "6.2.0"
    }
  }
}