{
  "stats": {
    "suites": 1,
    "tests": 2,
    "passes": 1,
    "pending": 0,
    "failures": 1,
    "start": "2022-08-04T23:38:04.903Z",
    "end": "2022-08-04T23:38:45.450Z",
    "duration": 40547,
    "testsRegistered": 2,
    "passPercent": 50,
    "pendingPercent": 0,
    "other": 0,
    "hasOther": false,
    "skipped": 0,
    "hasSkipped": false
  },
  "results": [
    {
      "uuid": "bbc85ceb-6180-48ea-8a55-dcea944ad654",
      "title": "",
      "fullFile": "cypress/integration/webdriver-uni/contact-us.js",
      "file": "cypress/integration/webdriver-uni/contact-us.js",
      "beforeHooks": [],
      "afterHooks": [],
      "tests": [],
      "suites": [
        {
          "uuid": "9b579b34-3515-40a2-bc0d-48e7bef87d7b",
          "title": "Test Contact Us Form via WebdriverUni",
          "fullFile": "",
          "file": "",
          "beforeHooks": [],
          "afterHooks": [],
          "tests": [
            {
              "title": "Should be able to submit a successful submission via contact us form",
              "fullTitle": "Test Contact Us Form via WebdriverUni Should be able to submit a successful submission via contact us form",
              "timedOut": null,
              "duration": 11861,
              "state": "passed",
              "speed": "slow",
              "pass": true,
              "fail": false,
              "pending": false,
              "context": null,
              "code": "cy.document().should('have.property', 'charset').and('eq', 'UTF-8');\ncy.title().should('include', 'WebDriver | Contact Us');\ncontact_Us_PO.contactForm_Submission(Cypress.env(\" first_name\"), data.last_name, data.email, \"How can i learn Cypress?\", \"h1\", \"Thank You for your Message\");",
              "err": {},
              "uuid": "57843b34-513b-4432-85ff-6e873631689a",
              "parentUUID": "9b579b34-3515-40a2-bc0d-48e7bef87d7b",
              "isHook": false,
              "skipped": false
            },
            {
              "title": "Should not be able to submit a successful submission via contact us form as all fields are required",
              "fullTitle": "Test Contact Us Form via WebdriverUni Should not be able to submit a successful submission via contact us form as all fields are required",
              "timedOut": null,
              "duration": 28548,
              "state": "failed",
              "speed": null,
              "pass": false,
              "fail": true,
              "pending": false,
              "context": null,
              "code": "contact_Us_PO.contactForm_Submission(data.first_name, data.last_name, \" \", \"How can i learn Cypress?\", \"body\", \"Error: invalid email address\");",
              "err": {
                "message": "AssertionError: Timed out retrying after 20000ms: Expected to find content: 'Error: invalid email address' within the element: <body> but never did.",
                "estack": "AssertionError: Timed out retrying after 20000ms: Expected to find content: 'Error: invalid email address' within the element: <body> but never did.\n    at Contact_Us_PO.contactForm_Submission (http://www.webdriveruniversity.com/__cypress/tests?p=cypress\\integration\\webdriver-uni\\contact-us.js:173:23)\n    at Context.eval (http://www.webdriveruniversity.com/__cypress/tests?p=cypress\\integration\\webdriver-uni\\contact-us.js:145:19)",
                "diff": null
              },
              "uuid": "8cc65d34-97ee-4de2-a7fb-88a76c1dd9b4",
              "parentUUID": "9b579b34-3515-40a2-bc0d-48e7bef87d7b",
              "isHook": false,
              "skipped": false
            }
          ],
          "suites": [],
          "passes": [
            "57843b34-513b-4432-85ff-6e873631689a"
          ],
          "failures": [
            "8cc65d34-97ee-4de2-a7fb-88a76c1dd9b4"
          ],
          "pending": [],
          "skipped": [],
          "duration": 40409,
          "root": false,
          "rootEmpty": false,
          "_timeout": 2000
        }
      ],
      "passes": [],
      "failures": [],
      "pending": [],
      "skipped": [],
      "duration": 0,
      "root": true,
      "rootEmpty": true,
      "_timeout": 2000
    }
  ],
  "meta": {
    "mocha": {
      "version": "7.0.1"
    },
    "mochawesome": {
      "options": {
        "quiet": false,
        "reportFilename": "mochawesome",
        "saveHtml": false,
        "saveJson": true,
        "consoleReporter": "spec",
        "useInlineDiffs": false,
        "code": true
      },
      "version": "7.1.3"
    },
    "marge": {
      "options": {
        "id": "default",
        "reportDir": "cypress/results/mochawesome",
        "quite": true,
        "overwrite": false,
        "html": false,
        "json": true
      },
      "version": "6.2.0"
    }
  }
}