{
  "stats": {
    "suites": 1,
    "tests": 1,
    "passes": 0,
    "pending": 0,
    "failures": 1,
    "start": "2022-08-09T19:29:16.303Z",
    "end": "2022-08-09T19:30:04.259Z",
    "duration": 47956,
    "testsRegistered": 1,
    "passPercent": 0,
    "pendingPercent": 0,
    "other": 0,
    "hasOther": false,
    "skipped": 0,
    "hasSkipped": false
  },
  "results": [
    {
      "uuid": "8fe143bb-0f93-49c0-9d82-c95a246f172b",
      "title": "",
      "fullFile": "cypress/integration/automation-test-store/selfcare.js",
      "file": "cypress/integration/automation-test-store/selfcare.js",
      "beforeHooks": [],
      "afterHooks": [],
      "tests": [],
      "suites": [
        {
          "uuid": "50ca600f-f375-49c6-811c-2a4f607b58db",
          "title": "Test login page with valid data",
          "fullFile": "",
          "file": "",
          "beforeHooks": [],
          "afterHooks": [],
          "tests": [
            {
              "title": "Should be able to log user in",
              "fullTitle": "Test login page with valid data Should be able to log user in",
              "timedOut": null,
              "duration": 22086,
              "state": "failed",
              "speed": null,
              "pass": false,
              "fail": true,
              "pending": false,
              "context": null,
              "code": "cy.visit(\"https://selfcare.spectranet.com.ng/login\");\ncy.get('#userid').type('16113650');\ncy.get('#password').type('123456');\ncy.get('.MuiButton-containedPrimary').click();\ncy.get('#notistack-snackbar').should('have.text', 'bool is not defined');",
              "err": {
                "message": "CypressError: `cy.visit()` failed trying to load:\n\nhttps://selfcare.spectranet.com.ng/login\n\nWe attempted to make an http request to this URL but the request failed without a response.\n\nWe received this error at the network level:\n\n  > Error: connect ETIMEDOUT 197.255.164.18:443\n\nCommon situations why this would fail:\n  - you don't have internet access\n  - you forgot to run / boot your web server\n  - your web server isn't accessible\n  - you have weird network configuration settings on your computer",
                "estack": "CypressError: `cy.visit()` failed trying to load:\n\nhttps://selfcare.spectranet.com.ng/login\n\nWe attempted to make an http request to this URL but the request failed without a response.\n\nWe received this error at the network level:\n\n  > Error: connect ETIMEDOUT 197.255.164.18:443\n\nCommon situations why this would fail:\n  - you don't have internet access\n  - you forgot to run / boot your web server\n  - your web server isn't accessible\n  - you have weird network configuration settings on your computer\n    at https://selfcare.spectranet.com.ng/__cypress/runner/cypress_runner.js:163608:82\n    at visitFailedByErr (https://selfcare.spectranet.com.ng/__cypress/runner/cypress_runner.js:162912:12)\n    at https://selfcare.spectranet.com.ng/__cypress/runner/cypress_runner.js:163607:11\n    at tryCatcher (https://selfcare.spectranet.com.ng/__cypress/runner/cypress_runner.js:13022:23)\n    at Promise._settlePromiseFromHandler (https://selfcare.spectranet.com.ng/__cypress/runner/cypress_runner.js:10957:31)\n    at Promise._settlePromise (https://selfcare.spectranet.com.ng/__cypress/runner/cypress_runner.js:11014:18)\n    at Promise._settlePromise0 (https://selfcare.spectranet.com.ng/__cypress/runner/cypress_runner.js:11059:10)\n    at Promise._settlePromises (https://selfcare.spectranet.com.ng/__cypress/runner/cypress_runner.js:11135:18)\n    at _drainQueueStep (https://selfcare.spectranet.com.ng/__cypress/runner/cypress_runner.js:7729:12)\n    at _drainQueue (https://selfcare.spectranet.com.ng/__cypress/runner/cypress_runner.js:7722:9)\n    at ../../node_modules/bluebird/js/release/async.js.Async._drainQueues (https://selfcare.spectranet.com.ng/__cypress/runner/cypress_runner.js:7738:5)\n    at Async.drainQueues (https://selfcare.spectranet.com.ng/__cypress/runner/cypress_runner.js:7608:14)\nFrom Your Spec Code:\n    at Context.eval (https://selfcare.spectranet.com.ng/__cypress/tests?p=cypress\\integration\\automation-test-store\\selfcare.js:102:8)\n\nFrom Node.js Internals:\n  Error: connect ETIMEDOUT 197.255.164.18:443\n      at TCPConnectWrap.afterConnect [as oncomplete] (node:net:1161:16)\n  ",
                "diff": null
              },
              "uuid": "97393b06-49cd-4fce-bf8e-257dbeef573b",
              "parentUUID": "50ca600f-f375-49c6-811c-2a4f607b58db",
              "isHook": false,
              "skipped": false
            }
          ],
          "suites": [],
          "passes": [],
          "failures": [
            "97393b06-49cd-4fce-bf8e-257dbeef573b"
          ],
          "pending": [],
          "skipped": [],
          "duration": 22086,
          "root": false,
          "rootEmpty": false,
          "_timeout": 2000
        }
      ],
      "passes": [],
      "failures": [],
      "pending": [],
      "skipped": [],
      "duration": 0,
      "root": true,
      "rootEmpty": true,
      "_timeout": 2000
    }
  ],
  "meta": {
    "mocha": {
      "version": "7.0.1"
    },
    "mochawesome": {
      "options": {
        "quiet": false,
        "reportFilename": "mochawesome",
        "saveHtml": false,
        "saveJson": true,
        "consoleReporter": "spec",
        "useInlineDiffs": false,
        "code": true
      },
      "version": "7.1.3"
    },
    "marge": {
      "options": {
        "id": "default",
        "reportDir": "cypress/results/mochawesome",
        "quite": true,
        "overwrite": false,
        "html": false,
        "json": true
      },
      "version": "6.2.0"
    }
  }
}