{
  "stats": {
    "suites": 1,
    "tests": 16,
    "passes": 16,
    "pending": 0,
    "failures": 0,
    "start": "2022-08-10T19:26:10.061Z",
    "end": "2022-08-10T19:26:27.948Z",
    "duration": 17887,
    "testsRegistered": 16,
    "passPercent": 100,
    "pendingPercent": 0,
    "other": 0,
    "hasOther": false,
    "skipped": 0,
    "hasSkipped": false
  },
  "results": [
    {
      "uuid": "82503cde-586e-4fa3-837c-52ba6b141af3",
      "title": "",
      "fullFile": "cypress/integration/webdriver-uni/traversing-elements.js",
      "file": "cypress/integration/webdriver-uni/traversing-elements.js",
      "beforeHooks": [],
      "afterHooks": [],
      "tests": [],
      "suites": [
        {
          "uuid": "1f8f80a6-bce8-4b0d-b7e7-73ad639df2d4",
          "title": "Traversing DOM elements in Cypress",
          "fullFile": "",
          "file": "",
          "beforeHooks": [],
          "afterHooks": [],
          "tests": [
            {
              "title": "children() to get the children of DOM elements",
              "fullTitle": "Traversing DOM elements in Cypress children() to get the children of DOM elements",
              "timedOut": null,
              "duration": 4125,
              "state": "passed",
              "speed": "fast",
              "pass": true,
              "fail": false,
              "pending": false,
              "context": null,
              "code": "",
              "err": {},
              "uuid": "f02db460-f21a-4a44-ba16-b13fab62b8af",
              "parentUUID": "1f8f80a6-bce8-4b0d-b7e7-73ad639df2d4",
              "isHook": false,
              "skipped": false
            },
            {
              "title": "closest() to validate the closest ancestor DOM element",
              "fullTitle": "Traversing DOM elements in Cypress closest() to validate the closest ancestor DOM element",
              "timedOut": null,
              "duration": 764,
              "state": "passed",
              "speed": "fast",
              "pass": true,
              "fail": false,
              "pending": false,
              "context": null,
              "code": "",
              "err": {},
              "uuid": "d246e131-bb79-4657-bf77-f4bd72dd980c",
              "parentUUID": "1f8f80a6-bce8-4b0d-b7e7-73ad639df2d4",
              "isHook": false,
              "skipped": false
            },
            {
              "title": "eq() to retrieve a specific element based on index",
              "fullTitle": "Traversing DOM elements in Cypress eq() to retrieve a specific element based on index",
              "timedOut": null,
              "duration": 717,
              "state": "passed",
              "speed": "fast",
              "pass": true,
              "fail": false,
              "pending": false,
              "context": null,
              "code": "",
              "err": {},
              "uuid": "c31a0fc7-cc94-4122-acb6-3cd58ec9cc00",
              "parentUUID": "1f8f80a6-bce8-4b0d-b7e7-73ad639df2d4",
              "isHook": false,
              "skipped": false
            },
            {
              "title": "filter() to retrieve DOM elements that match a specific selector",
              "fullTitle": "Traversing DOM elements in Cypress filter() to retrieve DOM elements that match a specific selector",
              "timedOut": null,
              "duration": 712,
              "state": "passed",
              "speed": "fast",
              "pass": true,
              "fail": false,
              "pending": false,
              "context": null,
              "code": "",
              "err": {},
              "uuid": "6f17ce06-ab42-4c53-91e3-701aa519bf9a",
              "parentUUID": "1f8f80a6-bce8-4b0d-b7e7-73ad639df2d4",
              "isHook": false,
              "skipped": false
            },
            {
              "title": "find() to retrieve DOM elements of a given selector",
              "fullTitle": "Traversing DOM elements in Cypress find() to retrieve DOM elements of a given selector",
              "timedOut": null,
              "duration": 673,
              "state": "passed",
              "speed": "fast",
              "pass": true,
              "fail": false,
              "pending": false,
              "context": null,
              "code": "",
              "err": {},
              "uuid": "c49842cc-aeee-4b9e-a5fa-aa8e403ded8b",
              "parentUUID": "1f8f80a6-bce8-4b0d-b7e7-73ad639df2d4",
              "isHook": false,
              "skipped": false
            },
            {
              "title": "first() to retrieve the first DOM element within elements ",
              "fullTitle": "Traversing DOM elements in Cypress first() to retrieve the first DOM element within elements ",
              "timedOut": null,
              "duration": 656,
              "state": "passed",
              "speed": "fast",
              "pass": true,
              "fail": false,
              "pending": false,
              "context": null,
              "code": "",
              "err": {},
              "uuid": "9e242d99-f4bd-4c0d-b590-83a8b43d643a",
              "parentUUID": "1f8f80a6-bce8-4b0d-b7e7-73ad639df2d4",
              "isHook": false,
              "skipped": false
            },
            {
              "title": "last() to retrieve the last DOM element within elements",
              "fullTitle": "Traversing DOM elements in Cypress last() to retrieve the last DOM element within elements",
              "timedOut": null,
              "duration": 802,
              "state": "passed",
              "speed": "fast",
              "pass": true,
              "fail": false,
              "pending": false,
              "context": null,
              "code": "",
              "err": {},
              "uuid": "6d52934e-1698-4572-8b37-052f5440c753",
              "parentUUID": "1f8f80a6-bce8-4b0d-b7e7-73ad639df2d4",
              "isHook": false,
              "skipped": false
            },
            {
              "title": "nextAll() to get all of the next sibling DOM elements within elements",
              "fullTitle": "Traversing DOM elements in Cypress nextAll() to get all of the next sibling DOM elements within elements",
              "timedOut": null,
              "duration": 878,
              "state": "passed",
              "speed": "fast",
              "pass": true,
              "fail": false,
              "pending": false,
              "context": null,
              "code": "",
              "err": {},
              "uuid": "f6fe543f-8228-405d-ae54-862dda57e572",
              "parentUUID": "1f8f80a6-bce8-4b0d-b7e7-73ad639df2d4",
              "isHook": false,
              "skipped": false
            },
            {
              "title": "nextUntil() to get all of the next sibling DOM elements within elements until another element",
              "fullTitle": "Traversing DOM elements in Cypress nextUntil() to get all of the next sibling DOM elements within elements until another element",
              "timedOut": null,
              "duration": 840,
              "state": "passed",
              "speed": "fast",
              "pass": true,
              "fail": false,
              "pending": false,
              "context": null,
              "code": "",
              "err": {},
              "uuid": "a6880235-91e2-4372-8f53-6ccb52becf2b",
              "parentUUID": "1f8f80a6-bce8-4b0d-b7e7-73ad639df2d4",
              "isHook": false,
              "skipped": false
            },
            {
              "title": "not() to remove DOM element(s) from the set of elements",
              "fullTitle": "Traversing DOM elements in Cypress not() to remove DOM element(s) from the set of elements",
              "timedOut": null,
              "duration": 914,
              "state": "passed",
              "speed": "fast",
              "pass": true,
              "fail": false,
              "pending": false,
              "context": null,
              "code": "",
              "err": {},
              "uuid": "0437f2a0-5c68-4ea8-a3c7-eedc3f1966e9",
              "parentUUID": "1f8f80a6-bce8-4b0d-b7e7-73ad639df2d4",
              "isHook": false,
              "skipped": false
            },
            {
              "title": "parent() To get parent DOM element of elements",
              "fullTitle": "Traversing DOM elements in Cypress parent() To get parent DOM element of elements",
              "timedOut": null,
              "duration": 765,
              "state": "passed",
              "speed": "fast",
              "pass": true,
              "fail": false,
              "pending": false,
              "context": null,
              "code": "",
              "err": {},
              "uuid": "f7dfd996-f321-412b-ab94-80f5b824acfe",
              "parentUUID": "1f8f80a6-bce8-4b0d-b7e7-73ad639df2d4",
              "isHook": false,
              "skipped": false
            },
            {
              "title": "parents() to get parents DOM element of elements",
              "fullTitle": "Traversing DOM elements in Cypress parents() to get parents DOM element of elements",
              "timedOut": null,
              "duration": 2138,
              "state": "passed",
              "speed": "fast",
              "pass": true,
              "fail": false,
              "pending": false,
              "context": null,
              "code": "",
              "err": {},
              "uuid": "46b11351-f4f0-4d6c-b9b7-ffd01177e386",
              "parentUUID": "1f8f80a6-bce8-4b0d-b7e7-73ad639df2d4",
              "isHook": false,
              "skipped": false
            },
            {
              "title": "prev() to get the previous sibling DOM element within elements",
              "fullTitle": "Traversing DOM elements in Cypress prev() to get the previous sibling DOM element within elements",
              "timedOut": null,
              "duration": 901,
              "state": "passed",
              "speed": "fast",
              "pass": true,
              "fail": false,
              "pending": false,
              "context": null,
              "code": "",
              "err": {},
              "uuid": "9c0f2f54-010c-40bb-a3da-4c86e66f12e9",
              "parentUUID": "1f8f80a6-bce8-4b0d-b7e7-73ad639df2d4",
              "isHook": false,
              "skipped": false
            },
            {
              "title": "prevAll() to get all previous sibling DOM elements within elements",
              "fullTitle": "Traversing DOM elements in Cypress prevAll() to get all previous sibling DOM elements within elements",
              "timedOut": null,
              "duration": 1029,
              "state": "passed",
              "speed": "fast",
              "pass": true,
              "fail": false,
              "pending": false,
              "context": null,
              "code": "",
              "err": {},
              "uuid": "05d130b0-1fb7-4783-a2a0-9d602edded3c",
              "parentUUID": "1f8f80a6-bce8-4b0d-b7e7-73ad639df2d4",
              "isHook": false,
              "skipped": false
            },
            {
              "title": "prevUntil() to get all previous sibling DOM elements within elements until other element",
              "fullTitle": "Traversing DOM elements in Cypress prevUntil() to get all previous sibling DOM elements within elements until other element",
              "timedOut": null,
              "duration": 995,
              "state": "passed",
              "speed": "fast",
              "pass": true,
              "fail": false,
              "pending": false,
              "context": null,
              "code": "",
              "err": {},
              "uuid": "ac93198a-7fed-4771-983e-a5485c341abd",
              "parentUUID": "1f8f80a6-bce8-4b0d-b7e7-73ad639df2d4",
              "isHook": false,
              "skipped": false
            },
            {
              "title": "siblings() To get all sibling DOM elements of elements",
              "fullTitle": "Traversing DOM elements in Cypress siblings() To get all sibling DOM elements of elements",
              "timedOut": null,
              "duration": 844,
              "state": "passed",
              "speed": "fast",
              "pass": true,
              "fail": false,
              "pending": false,
              "context": null,
              "code": "",
              "err": {},
              "uuid": "e5329fe5-69a9-4796-bb23-563dac25bea5",
              "parentUUID": "1f8f80a6-bce8-4b0d-b7e7-73ad639df2d4",
              "isHook": false,
              "skipped": false
            }
          ],
          "suites": [],
          "passes": [
            "f02db460-f21a-4a44-ba16-b13fab62b8af",
            "d246e131-bb79-4657-bf77-f4bd72dd980c",
            "c31a0fc7-cc94-4122-acb6-3cd58ec9cc00",
            "6f17ce06-ab42-4c53-91e3-701aa519bf9a",
            "c49842cc-aeee-4b9e-a5fa-aa8e403ded8b",
            "9e242d99-f4bd-4c0d-b590-83a8b43d643a",
            "6d52934e-1698-4572-8b37-052f5440c753",
            "f6fe543f-8228-405d-ae54-862dda57e572",
            "a6880235-91e2-4372-8f53-6ccb52becf2b",
            "0437f2a0-5c68-4ea8-a3c7-eedc3f1966e9",
            "f7dfd996-f321-412b-ab94-80f5b824acfe",
            "46b11351-f4f0-4d6c-b9b7-ffd01177e386",
            "9c0f2f54-010c-40bb-a3da-4c86e66f12e9",
            "05d130b0-1fb7-4783-a2a0-9d602edded3c",
            "ac93198a-7fed-4771-983e-a5485c341abd",
            "e5329fe5-69a9-4796-bb23-563dac25bea5"
          ],
          "failures": [],
          "pending": [],
          "skipped": [],
          "duration": 17753,
          "root": false,
          "rootEmpty": false,
          "_timeout": 2000
        }
      ],
      "passes": [],
      "failures": [],
      "pending": [],
      "skipped": [],
      "duration": 0,
      "root": true,
      "rootEmpty": true,
      "_timeout": 2000
    }
  ],
  "meta": {
    "mocha": {
      "version": "7.0.1"
    },
    "mochawesome": {
      "options": {
        "quiet": false,
        "reportFilename": "mochawesome",
        "saveHtml": false,
        "saveJson": true,
        "consoleReporter": "spec",
        "useInlineDiffs": false,
        "code": true
      },
      "version": "7.1.3"
    },
    "marge": {
      "options": {
        "id": "default",
        "reportDir": "cypress/results/mochawesome",
        "quite": true,
        "overwrite": false,
        "html": false,
        "json": true
      },
      "version": "6.2.0"
    }
  }
}