{
  "stats": {
    "suites": 1,
    "tests": 1,
    "passes": 1,
    "pending": 0,
    "failures": 0,
    "start": "2022-08-04T23:36:33.689Z",
    "end": "2022-08-04T23:36:43.591Z",
    "duration": 9902,
    "testsRegistered": 1,
    "passPercent": 100,
    "pendingPercent": 0,
    "other": 0,
    "hasOther": false,
    "skipped": 0,
    "hasSkipped": false
  },
  "results": [
    {
      "uuid": "ad1cdd92-e000-4e1e-978d-dc39eda63c8b",
      "title": "",
      "fullFile": "cypress/integration/automation-test-store/selfcare.js",
      "file": "cypress/integration/automation-test-store/selfcare.js",
      "beforeHooks": [],
      "afterHooks": [],
      "tests": [],
      "suites": [
        {
          "uuid": "50af59b1-e643-43de-b488-fe77ce9c4987",
          "title": "Test login page with valid data",
          "fullFile": "",
          "file": "",
          "beforeHooks": [],
          "afterHooks": [],
          "tests": [
            {
              "title": "Should be able to log user in",
              "fullTitle": "Test login page with valid data Should be able to log user in",
              "timedOut": null,
              "duration": 6692,
              "state": "passed",
              "speed": "medium",
              "pass": true,
              "fail": false,
              "pending": false,
              "context": null,
              "code": "cy.visit(\"https://selfcare.spectranet.com.ng/login\");\ncy.get('#userid').type('16113650');\ncy.get('#password').type('123456');\ncy.get('.MuiButton-containedPrimary').click();\ncy.get('#notistack-snackbar').should('have.text', 'bool is not defined');",
              "err": {},
              "uuid": "c58b28c7-057e-4d6b-bc92-0ab3b5f40fec",
              "parentUUID": "50af59b1-e643-43de-b488-fe77ce9c4987",
              "isHook": false,
              "skipped": false
            }
          ],
          "suites": [],
          "passes": [
            "c58b28c7-057e-4d6b-bc92-0ab3b5f40fec"
          ],
          "failures": [],
          "pending": [],
          "skipped": [],
          "duration": 6692,
          "root": false,
          "rootEmpty": false,
          "_timeout": 2000
        }
      ],
      "passes": [],
      "failures": [],
      "pending": [],
      "skipped": [],
      "duration": 0,
      "root": true,
      "rootEmpty": true,
      "_timeout": 2000
    }
  ],
  "meta": {
    "mocha": {
      "version": "7.0.1"
    },
    "mochawesome": {
      "options": {
        "quiet": false,
        "reportFilename": "mochawesome",
        "saveHtml": false,
        "saveJson": true,
        "consoleReporter": "spec",
        "useInlineDiffs": false,
        "code": true
      },
      "version": "7.1.3"
    },
    "marge": {
      "options": {
        "id": "default",
        "reportDir": "cypress/results/mochawesome",
        "quite": true,
        "overwrite": false,
        "html": false,
        "json": true
      },
      "version": "6.2.0"
    }
  }
}